#
# There is insufficient memory for the Java Runtime Environment to continue.
# Native memory allocation (malloc) failed to allocate 233136 bytes for Chunk::new
# Possible reasons:
#   The system is out of physical RAM or swap space
#   The process is running with CompressedOops enabled, and the Java Heap may be blocking the growth of the native heap
# Possible solutions:
#   Reduce memory load on the system
#   Increase physical memory or swap space
#   Check if swap backing store is full
#   Decrease Java heap size (-Xmx/-Xms)
#   Decrease number of Java threads
#   Decrease Java thread stack sizes (-Xss)
#   Set larger code cache with -XX:ReservedCodeCacheSize=
#   JVM is running with Unscaled Compressed Oops mode in which the Java heap is
#     placed in the first 4GB address space. The Java Heap base address is the
#     maximum limit for the native heap growth. Please use -XX:HeapBaseMinAddress
#     to set the Java Heap base and to place the Java Heap above 4GB virtual address.
# This output file may be truncated or incomplete.
#
#  Out of Memory Error (arena.cpp:189), pid=7112, tid=15604
#
# JRE version: Java(TM) SE Runtime Environment (17.0.8+9) (build 17.0.8+9-LTS-211)
# Java VM: Java HotSpot(TM) 64-Bit Server VM (17.0.8+9-LTS-211, mixed mode, sharing, tiered, compressed oops, compressed class ptrs, g1 gc, windows-amd64)
# No core dump will be written. Minidumps are not enabled by default on client versions of Windows
#

---------------  S U M M A R Y ------------

Command Line: -Dfile.encoding=UTF-8 -Dstdout.encoding=UTF-8 -Dstderr.encoding=UTF-8 -XX:+ShowCodeDetailsInExceptionMessages Day23.ConditionalDemo

Host: Intel(R) Core(TM) i3-7020U CPU @ 2.30GHz, 4 cores, 7G,  Windows 10 , 64 bit Build 19041 (10.0.19041.3636)
Time: Sun Dec 17 11:34:39 2023 India Standard Time elapsed time: 3.258583 seconds (0d 0h 0m 3s)

---------------  T H R E A D  ---------------

Current thread (0x000001e9233b8c30):  JavaThread "C2 CompilerThread0" daemon [_thread_in_native, id=15604, stack(0x0000004f0d200000,0x0000004f0d300000)]


Current CompileTask:
C2:   3258 1250       4       jdk.internal.org.objectweb.asm.SymbolTable::addConstantUtf8 (98 bytes)

Stack: [0x0000004f0d200000,0x0000004f0d300000]
Native frames: (J=compiled Java code, j=interpreted, Vv=VM code, C=native code)
V  [jvm.dll+0x677d0a]
V  [jvm.dll+0x7d8c54]
V  [jvm.dll+0x7da3fe]
V  [jvm.dll+0x7daa63]
V  [jvm.dll+0x245c5f]
V  [jvm.dll+0xaaa6b]
V  [jvm.dll+0xab00c]
V  [jvm.dll+0x361e3f]
V  [jvm.dll+0x32c551]
V  [jvm.dll+0x32b9ea]
V  [jvm.dll+0x217fff]
V  [jvm.dll+0x217431]
V  [jvm.dll+0x1a3af0]
V  [jvm.dll+0x2270be]
V  [jvm.dll+0x22535b]
V  [jvm.dll+0x78e7bc]
V  [jvm.dll+0x788bba]
V  [jvm.dll+0x676b35]
C  [ucrtbase.dll+0x21bb2]
C  [KERNEL32.DLL+0x17344]
C  [ntdll.dll+0x526b1]


---------------  P R O C E S S  ---------------

Threads class SMR info:
_java_thread_list=0x000001e969590bc0, length=19, elements={
0x000001e905b92cc0, 0x000001e923398c50, 0x000001e923399600, 0x000001e9233a6d20,
0x000001e9233a76d0, 0x000001e9233a90b0, 0x000001e9233b6f80, 0x000001e9233b8c30,
0x000001e9233b95e0, 0x000001e9233caec0, 0x000001e9235e42a0, 0x000001e9235f8a90,
0x000001e9238ee690, 0x000001e96952fa20, 0x000001e969552010, 0x000001e96955dbd0,
0x000001e96956c730, 0x000001e9695905b0, 0x000001e969587020
}

Java Threads: ( => current thread )
  0x000001e905b92cc0 JavaThread "Forwarding newSession on session null to remote" [_thread_in_vm, id=7792, stack(0x0000004f0c500000,0x0000004f0c600000)]
  0x000001e923398c50 JavaThread "Reference Handler" daemon [_thread_blocked, id=46056, stack(0x0000004f0cc00000,0x0000004f0cd00000)]
  0x000001e923399600 JavaThread "Finalizer" daemon [_thread_blocked, id=38948, stack(0x0000004f0cd00000,0x0000004f0ce00000)]
  0x000001e9233a6d20 JavaThread "Signal Dispatcher" daemon [_thread_blocked, id=36000, stack(0x0000004f0ce00000,0x0000004f0cf00000)]
  0x000001e9233a76d0 JavaThread "Attach Listener" daemon [_thread_blocked, id=47424, stack(0x0000004f0cf00000,0x0000004f0d000000)]
  0x000001e9233a90b0 JavaThread "Service Thread" daemon [_thread_blocked, id=34224, stack(0x0000004f0d000000,0x0000004f0d100000)]
  0x000001e9233b6f80 JavaThread "Monitor Deflation Thread" daemon [_thread_blocked, id=34432, stack(0x0000004f0d100000,0x0000004f0d200000)]
=>0x000001e9233b8c30 JavaThread "C2 CompilerThread0" daemon [_thread_in_native, id=15604, stack(0x0000004f0d200000,0x0000004f0d300000)]
  0x000001e9233b95e0 JavaThread "C1 CompilerThread0" daemon [_thread_blocked, id=36304, stack(0x0000004f0d300000,0x0000004f0d400000)]
  0x000001e9233caec0 JavaThread "Sweeper thread" daemon [_thread_blocked, id=44420, stack(0x0000004f0d400000,0x0000004f0d500000)]
  0x000001e9235e42a0 JavaThread "Notification Thread" daemon [_thread_blocked, id=41388, stack(0x0000004f0d500000,0x0000004f0d600000)]
  0x000001e9235f8a90 JavaThread "Common-Cleaner" daemon [_thread_blocked, id=2536, stack(0x0000004f0d700000,0x0000004f0d800000)]
  0x000001e9238ee690 JavaThread "ForkJoinPool.commonPool-worker-1" daemon [_thread_blocked, id=39876, stack(0x0000004f0d800000,0x0000004f0d900000)]
  0x000001e96952fa20 JavaThread "HttpClient-1-SelectorManager" daemon [_thread_in_native, id=46832, stack(0x0000004f0dd00000,0x0000004f0de00000)]
  0x000001e969552010 JavaThread "External Process Output Forwarder - C:\Users\madha\.cache\selenium\chromedriver\win64\120.0.6099.71\chromedriver.exe" [_thread_in_native, id=34136, stack(0x0000004f0de00000,0x0000004f0df00000)]
  0x000001e96955dbd0 JavaThread "Driver Service Executor" daemon [_thread_blocked, id=30128, stack(0x0000004f0df00000,0x0000004f0e000000)]
  0x000001e96956c730 JavaThread "Driver Service Executor" daemon [_thread_in_native, id=44456, stack(0x0000004f0e000000,0x0000004f0e100000)]
  0x000001e9695905b0 JavaThread "UrlChecker-2" daemon [_thread_blocked, id=11384, stack(0x0000004f0e100000,0x0000004f0e200000)]
  0x000001e969587020 JavaThread "Keep-Alive-Timer" daemon [_thread_blocked, id=2560, stack(0x0000004f0e300000,0x0000004f0e400000)]

Other Threads:
  0x000001e923393ae0 VMThread "VM Thread" [stack: 0x0000004f0cb00000,0x0000004f0cc00000] [id=9568]
  0x000001e9235e4f90 WatcherThread [stack: 0x0000004f0d600000,0x0000004f0d700000] [id=9560]
  0x000001e905bec630 GCTaskThread "GC Thread#0" [stack: 0x0000004f0c600000,0x0000004f0c700000] [id=14880]
  0x000001e9694a5030 GCTaskThread "GC Thread#1" [stack: 0x0000004f0d900000,0x0000004f0da00000] [id=46676]
  0x000001e9694a52e0 GCTaskThread "GC Thread#2" [stack: 0x0000004f0da00000,0x0000004f0db00000] [id=27584]
  0x000001e9694b8430 GCTaskThread "GC Thread#3" [stack: 0x0000004f0db00000,0x0000004f0dc00000] [id=45496]
  0x000001e905bfe520 ConcurrentGCThread "G1 Main Marker" [stack: 0x0000004f0c700000,0x0000004f0c800000] [id=37184]
  0x000001e905bfff40 ConcurrentGCThread "G1 Conc#0" [stack: 0x0000004f0c800000,0x0000004f0c900000] [id=48284]
  0x000001e905c68f50 ConcurrentGCThread "G1 Refine#0" [stack: 0x0000004f0c900000,0x0000004f0ca00000] [id=12532]
  0x000001e9236aa370 ConcurrentGCThread "G1 Refine#1" [stack: 0x0000004f0dc00000,0x0000004f0dd00000] [id=45096]
  0x000001e9232510a0 ConcurrentGCThread "G1 Service" [stack: 0x0000004f0ca00000,0x0000004f0cb00000] [id=46004]

Threads with active compile tasks:
C2 CompilerThread0     3309 1250       4       jdk.internal.org.objectweb.asm.SymbolTable::addConstantUtf8 (98 bytes)

VM state: not at safepoint (normal execution)

VM Mutex/Monitor currently owned by a thread:  ([mutex/lock_event])
[0x000001e905b8bfb0] Metaspace_lock - owner thread: 0x000001e905b92cc0

Heap address: 0x0000000082000000, size: 2016 MB, Compressed Oops mode: 32-bit

CDS archive(s) mapped at: [0x000001e924000000-0x000001e924bd0000-0x000001e924bd0000), size 12386304, SharedBaseAddress: 0x000001e924000000, ArchiveRelocationMode: 1.
Compressed class space mapped at: 0x000001e925000000-0x000001e965000000, reserved size: 1073741824
Narrow klass base: 0x000001e924000000, Narrow klass shift: 0, Narrow klass range: 0x100000000

GC Precious Log:
 CPUs: 4 total, 4 available
 Memory: 8060M
 Large Page Support: Disabled
 NUMA Support: Disabled
 Compressed Oops: Enabled (32-bit)
 Heap Region Size: 1M
 Heap Min Capacity: 8M
 Heap Initial Capacity: 126M
 Heap Max Capacity: 2016M
 Pre-touch: Disabled
 Parallel Workers: 4
 Concurrent Workers: 1
 Concurrent Refinement Workers: 4
 Periodic GC: Disabled

Heap:
 garbage-first heap   total 129024K, used 9216K [0x0000000082000000, 0x0000000100000000)
  region size 1024K, 9 young (9216K), 2 survivors (2048K)
 Metaspace       used 9131K, committed 9344K, reserved 1114112K
  class space    used 1079K, committed 1152K, reserved 1048576K

Heap Regions: E=young(eden), S=young(survivor), O=old, HS=humongous(starts), HC=humongous(continues), CS=collection set, F=free, OA=open archive, CA=closed archive, TAMS=top-at-mark-start (previous, next)
|   0|0x0000000082000000, 0x0000000082100000, 0x0000000082100000|100%| O|  |TAMS 0x0000000082000000, 0x0000000082000000| Untracked 
|   1|0x0000000082100000, 0x0000000082200000, 0x0000000082200000|100%| O|  |TAMS 0x0000000082100000, 0x0000000082100000| Untracked 
|   2|0x0000000082200000, 0x0000000082200000, 0x0000000082300000|  0%| F|  |TAMS 0x0000000082200000, 0x0000000082200000| Untracked 
|   3|0x0000000082300000, 0x0000000082300000, 0x0000000082400000|  0%| F|  |TAMS 0x0000000082300000, 0x0000000082300000| Untracked 
|   4|0x0000000082400000, 0x0000000082400000, 0x0000000082500000|  0%| F|  |TAMS 0x0000000082400000, 0x0000000082400000| Untracked 
|   5|0x0000000082500000, 0x0000000082500000, 0x0000000082600000|  0%| F|  |TAMS 0x0000000082500000, 0x0000000082500000| Untracked 
|   6|0x0000000082600000, 0x0000000082600000, 0x0000000082700000|  0%| F|  |TAMS 0x0000000082600000, 0x0000000082600000| Untracked 
|   7|0x0000000082700000, 0x0000000082700000, 0x0000000082800000|  0%| F|  |TAMS 0x0000000082700000, 0x0000000082700000| Untracked 
|   8|0x0000000082800000, 0x0000000082800000, 0x0000000082900000|  0%| F|  |TAMS 0x0000000082800000, 0x0000000082800000| Untracked 
|   9|0x0000000082900000, 0x0000000082900000, 0x0000000082a00000|  0%| F|  |TAMS 0x0000000082900000, 0x0000000082900000| Untracked 
|  10|0x0000000082a00000, 0x0000000082a00000, 0x0000000082b00000|  0%| F|  |TAMS 0x0000000082a00000, 0x0000000082a00000| Untracked 
|  11|0x0000000082b00000, 0x0000000082b00000, 0x0000000082c00000|  0%| F|  |TAMS 0x0000000082b00000, 0x0000000082b00000| Untracked 
|  12|0x0000000082c00000, 0x0000000082c00000, 0x0000000082d00000|  0%| F|  |TAMS 0x0000000082c00000, 0x0000000082c00000| Untracked 
|  13|0x0000000082d00000, 0x0000000082d00000, 0x0000000082e00000|  0%| F|  |TAMS 0x0000000082d00000, 0x0000000082d00000| Untracked 
|  14|0x0000000082e00000, 0x0000000082e00000, 0x0000000082f00000|  0%| F|  |TAMS 0x0000000082e00000, 0x0000000082e00000| Untracked 
|  15|0x0000000082f00000, 0x0000000082f00000, 0x0000000083000000|  0%| F|  |TAMS 0x0000000082f00000, 0x0000000082f00000| Untracked 
|  16|0x0000000083000000, 0x0000000083000000, 0x0000000083100000|  0%| F|  |TAMS 0x0000000083000000, 0x0000000083000000| Untracked 
|  17|0x0000000083100000, 0x0000000083100000, 0x0000000083200000|  0%| F|  |TAMS 0x0000000083100000, 0x0000000083100000| Untracked 
|  18|0x0000000083200000, 0x0000000083200000, 0x0000000083300000|  0%| F|  |TAMS 0x0000000083200000, 0x0000000083200000| Untracked 
|  19|0x0000000083300000, 0x0000000083300000, 0x0000000083400000|  0%| F|  |TAMS 0x0000000083300000, 0x0000000083300000| Untracked 
|  20|0x0000000083400000, 0x0000000083400000, 0x0000000083500000|  0%| F|  |TAMS 0x0000000083400000, 0x0000000083400000| Untracked 
|  21|0x0000000083500000, 0x0000000083500000, 0x0000000083600000|  0%| F|  |TAMS 0x0000000083500000, 0x0000000083500000| Untracked 
|  22|0x0000000083600000, 0x0000000083600000, 0x0000000083700000|  0%| F|  |TAMS 0x0000000083600000, 0x0000000083600000| Untracked 
|  23|0x0000000083700000, 0x0000000083700000, 0x0000000083800000|  0%| F|  |TAMS 0x0000000083700000, 0x0000000083700000| Untracked 
|  24|0x0000000083800000, 0x0000000083800000, 0x0000000083900000|  0%| F|  |TAMS 0x0000000083800000, 0x0000000083800000| Untracked 
|  25|0x0000000083900000, 0x0000000083900000, 0x0000000083a00000|  0%| F|  |TAMS 0x0000000083900000, 0x0000000083900000| Untracked 
|  26|0x0000000083a00000, 0x0000000083a00000, 0x0000000083b00000|  0%| F|  |TAMS 0x0000000083a00000, 0x0000000083a00000| Untracked 
|  27|0x0000000083b00000, 0x0000000083b00000, 0x0000000083c00000|  0%| F|  |TAMS 0x0000000083b00000, 0x0000000083b00000| Untracked 
|  28|0x0000000083c00000, 0x0000000083c00000, 0x0000000083d00000|  0%| F|  |TAMS 0x0000000083c00000, 0x0000000083c00000| Untracked 
|  29|0x0000000083d00000, 0x0000000083d00000, 0x0000000083e00000|  0%| F|  |TAMS 0x0000000083d00000, 0x0000000083d00000| Untracked 
|  30|0x0000000083e00000, 0x0000000083e00000, 0x0000000083f00000|  0%| F|  |TAMS 0x0000000083e00000, 0x0000000083e00000| Untracked 
|  31|0x0000000083f00000, 0x0000000083f00000, 0x0000000084000000|  0%| F|  |TAMS 0x0000000083f00000, 0x0000000083f00000| Untracked 
|  32|0x0000000084000000, 0x0000000084000000, 0x0000000084100000|  0%| F|  |TAMS 0x0000000084000000, 0x0000000084000000| Untracked 
|  33|0x0000000084100000, 0x0000000084100000, 0x0000000084200000|  0%| F|  |TAMS 0x0000000084100000, 0x0000000084100000| Untracked 
|  34|0x0000000084200000, 0x0000000084200000, 0x0000000084300000|  0%| F|  |TAMS 0x0000000084200000, 0x0000000084200000| Untracked 
|  35|0x0000000084300000, 0x0000000084300000, 0x0000000084400000|  0%| F|  |TAMS 0x0000000084300000, 0x0000000084300000| Untracked 
|  36|0x0000000084400000, 0x0000000084400000, 0x0000000084500000|  0%| F|  |TAMS 0x0000000084400000, 0x0000000084400000| Untracked 
|  37|0x0000000084500000, 0x0000000084500000, 0x0000000084600000|  0%| F|  |TAMS 0x0000000084500000, 0x0000000084500000| Untracked 
|  38|0x0000000084600000, 0x0000000084600000, 0x0000000084700000|  0%| F|  |TAMS 0x0000000084600000, 0x0000000084600000| Untracked 
|  39|0x0000000084700000, 0x0000000084700000, 0x0000000084800000|  0%| F|  |TAMS 0x0000000084700000, 0x0000000084700000| Untracked 
|  40|0x0000000084800000, 0x0000000084800000, 0x0000000084900000|  0%| F|  |TAMS 0x0000000084800000, 0x0000000084800000| Untracked 
|  41|0x0000000084900000, 0x0000000084900000, 0x0000000084a00000|  0%| F|  |TAMS 0x0000000084900000, 0x0000000084900000| Untracked 
|  42|0x0000000084a00000, 0x0000000084a00000, 0x0000000084b00000|  0%| F|  |TAMS 0x0000000084a00000, 0x0000000084a00000| Untracked 
|  43|0x0000000084b00000, 0x0000000084b00000, 0x0000000084c00000|  0%| F|  |TAMS 0x0000000084b00000, 0x0000000084b00000| Untracked 
|  44|0x0000000084c00000, 0x0000000084c00000, 0x0000000084d00000|  0%| F|  |TAMS 0x0000000084c00000, 0x0000000084c00000| Untracked 
|  45|0x0000000084d00000, 0x0000000084d00000, 0x0000000084e00000|  0%| F|  |TAMS 0x0000000084d00000, 0x0000000084d00000| Untracked 
|  46|0x0000000084e00000, 0x0000000084e00000, 0x0000000084f00000|  0%| F|  |TAMS 0x0000000084e00000, 0x0000000084e00000| Untracked 
|  47|0x0000000084f00000, 0x0000000084f00000, 0x0000000085000000|  0%| F|  |TAMS 0x0000000084f00000, 0x0000000084f00000| Untracked 
|  48|0x0000000085000000, 0x0000000085000000, 0x0000000085100000|  0%| F|  |TAMS 0x0000000085000000, 0x0000000085000000| Untracked 
|  49|0x0000000085100000, 0x0000000085100000, 0x0000000085200000|  0%| F|  |TAMS 0x0000000085100000, 0x0000000085100000| Untracked 
|  50|0x0000000085200000, 0x0000000085200000, 0x0000000085300000|  0%| F|  |TAMS 0x0000000085200000, 0x0000000085200000| Untracked 
|  51|0x0000000085300000, 0x0000000085300000, 0x0000000085400000|  0%| F|  |TAMS 0x0000000085300000, 0x0000000085300000| Untracked 
|  52|0x0000000085400000, 0x0000000085400000, 0x0000000085500000|  0%| F|  |TAMS 0x0000000085400000, 0x0000000085400000| Untracked 
|  53|0x0000000085500000, 0x0000000085500000, 0x0000000085600000|  0%| F|  |TAMS 0x0000000085500000, 0x0000000085500000| Untracked 
|  54|0x0000000085600000, 0x0000000085600000, 0x0000000085700000|  0%| F|  |TAMS 0x0000000085600000, 0x0000000085600000| Untracked 
|  55|0x0000000085700000, 0x0000000085700000, 0x0000000085800000|  0%| F|  |TAMS 0x0000000085700000, 0x0000000085700000| Untracked 
|  56|0x0000000085800000, 0x0000000085800000, 0x0000000085900000|  0%| F|  |TAMS 0x0000000085800000, 0x0000000085800000| Untracked 
|  57|0x0000000085900000, 0x0000000085900000, 0x0000000085a00000|  0%| F|  |TAMS 0x0000000085900000, 0x0000000085900000| Untracked 
|  58|0x0000000085a00000, 0x0000000085a00000, 0x0000000085b00000|  0%| F|  |TAMS 0x0000000085a00000, 0x0000000085a00000| Untracked 
|  59|0x0000000085b00000, 0x0000000085b00000, 0x0000000085c00000|  0%| F|  |TAMS 0x0000000085b00000, 0x0000000085b00000| Untracked 
|  60|0x0000000085c00000, 0x0000000085c00000, 0x0000000085d00000|  0%| F|  |TAMS 0x0000000085c00000, 0x0000000085c00000| Untracked 
|  61|0x0000000085d00000, 0x0000000085d00000, 0x0000000085e00000|  0%| F|  |TAMS 0x0000000085d00000, 0x0000000085d00000| Untracked 
|  62|0x0000000085e00000, 0x0000000085e00000, 0x0000000085f00000|  0%| F|  |TAMS 0x0000000085e00000, 0x0000000085e00000| Untracked 
|  63|0x0000000085f00000, 0x0000000085f00000, 0x0000000086000000|  0%| F|  |TAMS 0x0000000085f00000, 0x0000000085f00000| Untracked 
|  64|0x0000000086000000, 0x0000000086000000, 0x0000000086100000|  0%| F|  |TAMS 0x0000000086000000, 0x0000000086000000| Untracked 
|  65|0x0000000086100000, 0x0000000086100000, 0x0000000086200000|  0%| F|  |TAMS 0x0000000086100000, 0x0000000086100000| Untracked 
|  66|0x0000000086200000, 0x0000000086200000, 0x0000000086300000|  0%| F|  |TAMS 0x0000000086200000, 0x0000000086200000| Untracked 
|  67|0x0000000086300000, 0x0000000086300000, 0x0000000086400000|  0%| F|  |TAMS 0x0000000086300000, 0x0000000086300000| Untracked 
|  68|0x0000000086400000, 0x0000000086400000, 0x0000000086500000|  0%| F|  |TAMS 0x0000000086400000, 0x0000000086400000| Untracked 
|  69|0x0000000086500000, 0x0000000086500000, 0x0000000086600000|  0%| F|  |TAMS 0x0000000086500000, 0x0000000086500000| Untracked 
|  70|0x0000000086600000, 0x0000000086600000, 0x0000000086700000|  0%| F|  |TAMS 0x0000000086600000, 0x0000000086600000| Untracked 
|  71|0x0000000086700000, 0x0000000086700000, 0x0000000086800000|  0%| F|  |TAMS 0x0000000086700000, 0x0000000086700000| Untracked 
|  72|0x0000000086800000, 0x0000000086800000, 0x0000000086900000|  0%| F|  |TAMS 0x0000000086800000, 0x0000000086800000| Untracked 
|  73|0x0000000086900000, 0x0000000086900000, 0x0000000086a00000|  0%| F|  |TAMS 0x0000000086900000, 0x0000000086900000| Untracked 
|  74|0x0000000086a00000, 0x0000000086a00000, 0x0000000086b00000|  0%| F|  |TAMS 0x0000000086a00000, 0x0000000086a00000| Untracked 
|  75|0x0000000086b00000, 0x0000000086b00000, 0x0000000086c00000|  0%| F|  |TAMS 0x0000000086b00000, 0x0000000086b00000| Untracked 
|  76|0x0000000086c00000, 0x0000000086c00000, 0x0000000086d00000|  0%| F|  |TAMS 0x0000000086c00000, 0x0000000086c00000| Untracked 
|  77|0x0000000086d00000, 0x0000000086d00000, 0x0000000086e00000|  0%| F|  |TAMS 0x0000000086d00000, 0x0000000086d00000| Untracked 
|  78|0x0000000086e00000, 0x0000000086e00000, 0x0000000086f00000|  0%| F|  |TAMS 0x0000000086e00000, 0x0000000086e00000| Untracked 
|  79|0x0000000086f00000, 0x0000000086f00000, 0x0000000087000000|  0%| F|  |TAMS 0x0000000086f00000, 0x0000000086f00000| Untracked 
|  80|0x0000000087000000, 0x0000000087000000, 0x0000000087100000|  0%| F|  |TAMS 0x0000000087000000, 0x0000000087000000| Untracked 
|  81|0x0000000087100000, 0x0000000087100000, 0x0000000087200000|  0%| F|  |TAMS 0x0000000087100000, 0x0000000087100000| Untracked 
|  82|0x0000000087200000, 0x0000000087200000, 0x0000000087300000|  0%| F|  |TAMS 0x0000000087200000, 0x0000000087200000| Untracked 
|  83|0x0000000087300000, 0x0000000087300000, 0x0000000087400000|  0%| F|  |TAMS 0x0000000087300000, 0x0000000087300000| Untracked 
|  84|0x0000000087400000, 0x0000000087400000, 0x0000000087500000|  0%| F|  |TAMS 0x0000000087400000, 0x0000000087400000| Untracked 
|  85|0x0000000087500000, 0x0000000087500000, 0x0000000087600000|  0%| F|  |TAMS 0x0000000087500000, 0x0000000087500000| Untracked 
|  86|0x0000000087600000, 0x0000000087600000, 0x0000000087700000|  0%| F|  |TAMS 0x0000000087600000, 0x0000000087600000| Untracked 
|  87|0x0000000087700000, 0x0000000087700000, 0x0000000087800000|  0%| F|  |TAMS 0x0000000087700000, 0x0000000087700000| Untracked 
|  88|0x0000000087800000, 0x0000000087800000, 0x0000000087900000|  0%| F|  |TAMS 0x0000000087800000, 0x0000000087800000| Untracked 
|  89|0x0000000087900000, 0x0000000087900000, 0x0000000087a00000|  0%| F|  |TAMS 0x0000000087900000, 0x0000000087900000| Untracked 
|  90|0x0000000087a00000, 0x0000000087a00000, 0x0000000087b00000|  0%| F|  |TAMS 0x0000000087a00000, 0x0000000087a00000| Untracked 
|  91|0x0000000087b00000, 0x0000000087b00000, 0x0000000087c00000|  0%| F|  |TAMS 0x0000000087b00000, 0x0000000087b00000| Untracked 
|  92|0x0000000087c00000, 0x0000000087c00000, 0x0000000087d00000|  0%| F|  |TAMS 0x0000000087c00000, 0x0000000087c00000| Untracked 
|  93|0x0000000087d00000, 0x0000000087d00000, 0x0000000087e00000|  0%| F|  |TAMS 0x0000000087d00000, 0x0000000087d00000| Untracked 
|  94|0x0000000087e00000, 0x0000000087e00000, 0x0000000087f00000|  0%| F|  |TAMS 0x0000000087e00000, 0x0000000087e00000| Untracked 
|  95|0x0000000087f00000, 0x0000000087f00000, 0x0000000088000000|  0%| F|  |TAMS 0x0000000087f00000, 0x0000000087f00000| Untracked 
|  96|0x0000000088000000, 0x0000000088000000, 0x0000000088100000|  0%| F|  |TAMS 0x0000000088000000, 0x0000000088000000| Untracked 
|  97|0x0000000088100000, 0x0000000088100000, 0x0000000088200000|  0%| F|  |TAMS 0x0000000088100000, 0x0000000088100000| Untracked 
|  98|0x0000000088200000, 0x0000000088200000, 0x0000000088300000|  0%| F|  |TAMS 0x0000000088200000, 0x0000000088200000| Untracked 
|  99|0x0000000088300000, 0x0000000088300000, 0x0000000088400000|  0%| F|  |TAMS 0x0000000088300000, 0x0000000088300000| Untracked 
| 100|0x0000000088400000, 0x0000000088400000, 0x0000000088500000|  0%| F|  |TAMS 0x0000000088400000, 0x0000000088400000| Untracked 
| 101|0x0000000088500000, 0x0000000088500000, 0x0000000088600000|  0%| F|  |TAMS 0x0000000088500000, 0x0000000088500000| Untracked 
| 102|0x0000000088600000, 0x0000000088600000, 0x0000000088700000|  0%| F|  |TAMS 0x0000000088600000, 0x0000000088600000| Untracked 
| 103|0x0000000088700000, 0x0000000088700000, 0x0000000088800000|  0%| F|  |TAMS 0x0000000088700000, 0x0000000088700000| Untracked 
| 104|0x0000000088800000, 0x0000000088800000, 0x0000000088900000|  0%| F|  |TAMS 0x0000000088800000, 0x0000000088800000| Untracked 
| 105|0x0000000088900000, 0x0000000088900000, 0x0000000088a00000|  0%| F|  |TAMS 0x0000000088900000, 0x0000000088900000| Untracked 
| 106|0x0000000088a00000, 0x0000000088a00000, 0x0000000088b00000|  0%| F|  |TAMS 0x0000000088a00000, 0x0000000088a00000| Untracked 
| 107|0x0000000088b00000, 0x0000000088b00000, 0x0000000088c00000|  0%| F|  |TAMS 0x0000000088b00000, 0x0000000088b00000| Untracked 
| 108|0x0000000088c00000, 0x0000000088c00000, 0x0000000088d00000|  0%| F|  |TAMS 0x0000000088c00000, 0x0000000088c00000| Untracked 
| 109|0x0000000088d00000, 0x0000000088d00000, 0x0000000088e00000|  0%| F|  |TAMS 0x0000000088d00000, 0x0000000088d00000| Untracked 
| 110|0x0000000088e00000, 0x0000000088e00000, 0x0000000088f00000|  0%| F|  |TAMS 0x0000000088e00000, 0x0000000088e00000| Untracked 
| 111|0x0000000088f00000, 0x0000000089000000, 0x0000000089000000|100%| S|CS|TAMS 0x0000000088f00000, 0x0000000088f00000| Complete 
| 112|0x0000000089000000, 0x0000000089100000, 0x0000000089100000|100%| S|CS|TAMS 0x0000000089000000, 0x0000000089000000| Complete 
| 113|0x0000000089100000, 0x0000000089100000, 0x0000000089200000|  0%| F|  |TAMS 0x0000000089100000, 0x0000000089100000| Untracked 
| 114|0x0000000089200000, 0x0000000089200000, 0x0000000089300000|  0%| F|  |TAMS 0x0000000089200000, 0x0000000089200000| Untracked 
| 115|0x0000000089300000, 0x0000000089300000, 0x0000000089400000|  0%| F|  |TAMS 0x0000000089300000, 0x0000000089300000| Untracked 
| 116|0x0000000089400000, 0x0000000089400000, 0x0000000089500000|  0%| F|  |TAMS 0x0000000089400000, 0x0000000089400000| Untracked 
| 117|0x0000000089500000, 0x0000000089500000, 0x0000000089600000|  0%| F|  |TAMS 0x0000000089500000, 0x0000000089500000| Untracked 
| 118|0x0000000089600000, 0x0000000089600000, 0x0000000089700000|  0%| F|  |TAMS 0x0000000089600000, 0x0000000089600000| Untracked 
| 119|0x0000000089700000, 0x0000000089800000, 0x0000000089800000|100%| E|  |TAMS 0x0000000089700000, 0x0000000089700000| Complete 
| 120|0x0000000089800000, 0x0000000089900000, 0x0000000089900000|100%| E|CS|TAMS 0x0000000089800000, 0x0000000089800000| Complete 
| 121|0x0000000089900000, 0x0000000089a00000, 0x0000000089a00000|100%| E|CS|TAMS 0x0000000089900000, 0x0000000089900000| Complete 
| 122|0x0000000089a00000, 0x0000000089b00000, 0x0000000089b00000|100%| E|CS|TAMS 0x0000000089a00000, 0x0000000089a00000| Complete 
| 123|0x0000000089b00000, 0x0000000089c00000, 0x0000000089c00000|100%| E|CS|TAMS 0x0000000089b00000, 0x0000000089b00000| Complete 
| 124|0x0000000089c00000, 0x0000000089d00000, 0x0000000089d00000|100%| E|CS|TAMS 0x0000000089c00000, 0x0000000089c00000| Complete 
| 125|0x0000000089d00000, 0x0000000089e00000, 0x0000000089e00000|100%| E|  |TAMS 0x0000000089d00000, 0x0000000089d00000| Complete 

Card table byte_map: [0x000001e91c830000,0x000001e91cc20000] _byte_map_base: 0x000001e91c420000

Marking Bits (Prev, Next): (CMBitMap*) 0x000001e905becc40, (CMBitMap*) 0x000001e905becc80
 Prev Bits: [0x000001e91d010000, 0x000001e91ef90000)
 Next Bits: [0x000001e91ef90000, 0x000001e920f10000)

Polling page: 0x000001e905370000

Metaspace:

Usage:
  Non-class:      7.86 MB used.
      Class:      1.05 MB used.
       Both:      8.92 MB used.

Virtual space:
  Non-class space:       64.00 MB reserved,       8.00 MB ( 12%) committed,  1 nodes.
      Class space:        1.00 GB reserved,       1.12 MB ( <1%) committed,  1 nodes.
             Both:        1.06 GB reserved,       9.12 MB ( <1%) committed. 

Chunk freelists:
   Non-Class:  7.91 MB
       Class:  14.67 MB
        Both:  22.58 MB

MaxMetaspaceSize: unlimited
CompressedClassSpaceSize: 1.00 GB
Initial GC threshold: 21.00 MB
Current GC threshold: 21.00 MB
CDS: on
MetaspaceReclaimPolicy: balanced
 - commit_granule_bytes: 65536.
 - commit_granule_words: 8192.
 - virtual_space_node_default_size: 8388608.
 - enlarge_chunks_in_place: 1.
 - new_chunks_are_fully_committed: 0.
 - uncommit_free_chunks: 1.
 - use_allocation_guard: 0.
 - handle_deallocations: 1.


Internal statistics:

num_allocs_failed_limit: 0.
num_arena_births: 124.
num_arena_deaths: 0.
num_vsnodes_births: 2.
num_vsnodes_deaths: 0.
num_space_committed: 146.
num_space_uncommitted: 0.
num_chunks_returned_to_freelist: 0.
num_chunks_taken_from_freelist: 279.
num_chunk_merges: 0.
num_chunk_splits: 162.
num_chunks_enlarged: 101.
num_purges: 0.
num_inconsistent_stats: 0.

CodeHeap 'non-profiled nmethods': size=120000Kb used=377Kb max_used=377Kb free=119622Kb
 bounds [0x000001e914f10000, 0x000001e915180000, 0x000001e91c440000]
CodeHeap 'profiled nmethods': size=120000Kb used=2198Kb max_used=2198Kb free=117802Kb
 bounds [0x000001e90d440000, 0x000001e90d6b0000, 0x000001e914970000]
CodeHeap 'non-nmethods': size=5760Kb used=1201Kb max_used=1216Kb free=4558Kb
 bounds [0x000001e914970000, 0x000001e914be0000, 0x000001e914f10000]
 total_blobs=1766 nmethods=1263 adapters=416
 compilation: enabled
              stopped_count=0, restarted_count=0
 full_count=0

Compilation events (20 events):
Event: 3.237 Thread 0x000001e9233b95e0 1261       3       jdk.internal.org.objectweb.asm.Handler::putExceptionTable (63 bytes)
Event: 3.237 Thread 0x000001e9233b95e0 nmethod 1261 0x000001e90d65cf90 code [0x000001e90d65d1a0, 0x000001e90d65d608]
Event: 3.237 Thread 0x000001e9233b95e0 1256       3       jdk.internal.org.objectweb.asm.MethodWriter::<init> (232 bytes)
Event: 3.239 Thread 0x000001e9233b95e0 nmethod 1256 0x000001e90d65d910 code [0x000001e90d65dba0, 0x000001e90d65e938]
Event: 3.239 Thread 0x000001e9233b95e0 1260       3       jdk.internal.org.objectweb.asm.MethodWriter::putMethodInfo (1274 bytes)
Event: 3.245 Thread 0x000001e9233b95e0 nmethod 1260 0x000001e90d65ee10 code [0x000001e90d65f4c0, 0x000001e90d661be8]
Event: 3.245 Thread 0x000001e9233b95e0 1255       3       jdk.internal.org.objectweb.asm.ClassWriter::visitMethod (57 bytes)
Event: 3.245 Thread 0x000001e9233b95e0 nmethod 1255 0x000001e90d662e90 code [0x000001e90d663040, 0x000001e90d6633a8]
Event: 3.245 Thread 0x000001e9233b95e0 1257       3       jdk.internal.org.objectweb.asm.MethodVisitor::<init> (7 bytes)
Event: 3.245 Thread 0x000001e9233b95e0 nmethod 1257 0x000001e90d663510 code [0x000001e90d6636c0, 0x000001e90d663808]
Event: 3.245 Thread 0x000001e9233b95e0 1258       3       jdk.internal.org.objectweb.asm.MethodWriter::visitMaxs (60 bytes)
Event: 3.246 Thread 0x000001e9233b95e0 nmethod 1258 0x000001e90d663890 code [0x000001e90d663a60, 0x000001e90d663d38]
Event: 3.246 Thread 0x000001e9233b95e0 1259       3       jdk.internal.org.objectweb.asm.MethodWriter::visitEnd (1 bytes)
Event: 3.246 Thread 0x000001e9233b95e0 nmethod 1259 0x000001e90d663e10 code [0x000001e90d663fa0, 0x000001e90d6640b8]
Event: 3.249 Thread 0x000001e9233b95e0 1263       1       java.util.stream.FindOps$FindSink::cancellationRequested (5 bytes)
Event: 3.249 Thread 0x000001e9233b95e0 nmethod 1263 0x000001e914f6e390 code [0x000001e914f6e520, 0x000001e914f6e5f8]
Event: 3.249 Thread 0x000001e9233b95e0 1264       3       java.util.zip.ZipFile$ZipFileInputStream::initDataOffset (117 bytes)
Event: 3.250 Thread 0x000001e9233b95e0 nmethod 1264 0x000001e90d664190 code [0x000001e90d6643a0, 0x000001e90d664b48]
Event: 3.250 Thread 0x000001e9233b95e0 1265   !   3       java.util.zip.ZipFile$Source::readAt (39 bytes)
Event: 3.251 Thread 0x000001e9233b95e0 nmethod 1265 0x000001e90d664e90 code [0x000001e90d665080, 0x000001e90d6654e8]

GC Heap History (2 events):
Event: 2.720 GC heap before
{Heap before GC invocations=0 (full 0):
 garbage-first heap   total 129024K, used 13312K [0x0000000082000000, 0x0000000100000000)
  region size 1024K, 13 young (13312K), 0 survivors (0K)
 Metaspace       used 5836K, committed 6080K, reserved 1114112K
  class space    used 692K, committed 832K, reserved 1048576K
}
Event: 2.729 GC heap after
{Heap after GC invocations=1 (full 0):
 garbage-first heap   total 129024K, used 4096K [0x0000000082000000, 0x0000000100000000)
  region size 1024K, 2 young (2048K), 2 survivors (2048K)
 Metaspace       used 5836K, committed 6080K, reserved 1114112K
  class space    used 692K, committed 832K, reserved 1048576K
}

Deoptimization events (20 events):
Event: 0.522 Thread 0x000001e905b92cc0 Uncommon trap: trap_request=0xffffff45 fr.pc=0x000001e914f235e4 relative=0x0000000000000064
Event: 0.522 Thread 0x000001e905b92cc0 Uncommon trap: reason=unstable_if action=reinterpret pc=0x000001e914f235e4 method=java.io.WinNTFileSystem.isSlash(C)Z @ 9 c2
Event: 0.522 Thread 0x000001e905b92cc0 DEOPT PACKING pc=0x000001e914f235e4 sp=0x0000004f0c5fd0b0
Event: 0.522 Thread 0x000001e905b92cc0 DEOPT UNPACKING pc=0x000001e9149c23a3 sp=0x0000004f0c5fd038 mode 2
Event: 0.549 Thread 0x000001e905b92cc0 DEOPT PACKING pc=0x000001e90d4ccee5 sp=0x0000004f0c5fd6d0
Event: 0.549 Thread 0x000001e905b92cc0 DEOPT UNPACKING pc=0x000001e9149c2b43 sp=0x0000004f0c5fcb20 mode 0
Event: 2.395 Thread 0x000001e905b92cc0 DEOPT PACKING pc=0x000001e90d4699be sp=0x0000004f0c5fc6e0
Event: 2.395 Thread 0x000001e905b92cc0 DEOPT UNPACKING pc=0x000001e9149c2b43 sp=0x0000004f0c5fbb58 mode 0
Event: 2.417 Thread 0x000001e905b92cc0 DEOPT PACKING pc=0x000001e90d472cfe sp=0x0000004f0c5fa300
Event: 2.417 Thread 0x000001e905b92cc0 DEOPT UNPACKING pc=0x000001e9149c2b43 sp=0x0000004f0c5f9770 mode 0
Event: 2.479 Thread 0x000001e905b92cc0 Uncommon trap: trap_request=0xffffff45 fr.pc=0x000001e914f332a4 relative=0x0000000000000284
Event: 2.479 Thread 0x000001e905b92cc0 Uncommon trap: reason=unstable_if action=reinterpret pc=0x000001e914f332a4 method=java.lang.String.startsWith(Ljava/lang/String;I)Z @ 1 c2
Event: 2.479 Thread 0x000001e905b92cc0 DEOPT PACKING pc=0x000001e914f332a4 sp=0x0000004f0c5fda10
Event: 2.479 Thread 0x000001e905b92cc0 DEOPT UNPACKING pc=0x000001e9149c23a3 sp=0x0000004f0c5fd978 mode 2
Event: 2.737 Thread 0x000001e905b92cc0 DEOPT PACKING pc=0x000001e90d5cf4be sp=0x0000004f0c5fc8e0
Event: 2.737 Thread 0x000001e905b92cc0 DEOPT UNPACKING pc=0x000001e9149c2b43 sp=0x0000004f0c5fbd60 mode 0
Event: 2.740 Thread 0x000001e905b92cc0 DEOPT PACKING pc=0x000001e90d5cf4be sp=0x0000004f0c5fc900
Event: 2.740 Thread 0x000001e905b92cc0 DEOPT UNPACKING pc=0x000001e9149c2b43 sp=0x0000004f0c5fbd80 mode 0
Event: 2.741 Thread 0x000001e905b92cc0 DEOPT PACKING pc=0x000001e90d5cf4be sp=0x0000004f0c5fc8e0
Event: 2.741 Thread 0x000001e905b92cc0 DEOPT UNPACKING pc=0x000001e9149c2b43 sp=0x0000004f0c5fbd60 mode 0

Classes unloaded (0 events):
No events

Classes redefined (0 events):
No events

Internal exceptions (20 events):
Event: 2.442 Thread 0x000001e905b92cc0 Exception <a 'java/lang/NoSuchMethodError'{0x00000000894545c8}: 'java.lang.Object java.lang.invoke.DirectMethodHandle$Holder.invokeStaticInit(java.lang.Object, java.lang.Object, int)'> (0x00000000894545c8) 
thrown [s\open\src\hotspot\share\interpreter\linkResolver.cpp, line 759]
Event: 2.443 Thread 0x000001e905b92cc0 Exception <a 'java/lang/NoSuchMethodError'{0x000000008945aa40}: 'java.lang.Object java.lang.invoke.DirectMethodHandle$Holder.newInvokeSpecial(java.lang.Object, java.lang.Object, int)'> (0x000000008945aa40) 
thrown [s\open\src\hotspot\share\interpreter\linkResolver.cpp, line 759]
Event: 2.445 Thread 0x000001e905b92cc0 Exception <a 'java/lang/NoSuchMethodError'{0x0000000089464ee0}: 'int java.lang.invoke.DirectMethodHandle$Holder.invokeStaticInit(java.lang.Object, java.lang.Object, java.lang.Object)'> (0x0000000089464ee0) 
thrown [s\open\src\hotspot\share\interpreter\linkResolver.cpp, line 759]
Event: 2.448 Thread 0x000001e905b92cc0 Exception <a 'java/lang/NoSuchMethodError'{0x0000000089474dc0}: 'int java.lang.invoke.DirectMethodHandle$Holder.invokeSpecial(java.lang.Object, java.lang.Object, java.lang.Object)'> (0x0000000089474dc0) 
thrown [s\open\src\hotspot\share\interpreter\linkResolver.cpp, line 759]
Event: 2.451 Thread 0x000001e905b92cc0 Exception <a 'java/lang/NoSuchMethodError'{0x00000000894815b8}: 'int java.lang.invoke.DirectMethodHandle$Holder.invokeSpecialIFC(java.lang.Object, java.lang.Object, java.lang.Object)'> (0x00000000894815b8) 
thrown [s\open\src\hotspot\share\interpreter\linkResolver.cpp, line 759]
Event: 2.558 Thread 0x000001e905b92cc0 Exception <a 'sun/nio/fs/WindowsException'{0x00000000893b9c28}> (0x00000000893b9c28) 
thrown [s\open\src\hotspot\share\prims\jni.cpp, line 516]
Event: 2.593 Thread 0x000001e905b92cc0 Exception <a 'java/lang/NoSuchMethodError'{0x00000000893de598}: 'int java.lang.invoke.DirectMethodHandle$Holder.invokeStaticInit(java.lang.Object, java.lang.Object, java.lang.Object, java.lang.Object)'> (0x00000000893de598) 
thrown [s\open\src\hotspot\share\interpreter\linkResolver.cpp, line 759]
Event: 2.594 Thread 0x000001e905b92cc0 Exception <a 'java/lang/IncompatibleClassChangeError'{0x00000000893e7740}: Found class java.lang.Object, but interface was expected> (0x00000000893e7740) 
thrown [s\open\src\hotspot\share\interpreter\linkResolver.cpp, line 826]
Event: 2.773 Thread 0x000001e905b92cc0 Exception <a 'java/lang/NoSuchMethodError'{0x0000000089b42b78}: 'java.lang.Object java.lang.invoke.DirectMethodHandle$Holder.invokeStaticInit(java.lang.Object, int, int, int, int)'> (0x0000000089b42b78) 
thrown [s\open\src\hotspot\share\interpreter\linkResolver.cpp, line 759]
Event: 2.835 Thread 0x000001e905b92cc0 Exception <a 'java/lang/NoSuchMethodError'{0x0000000089ba8f68}: 'java.lang.Object java.lang.invoke.DirectMethodHandle$Holder.invokeStaticInit(java.lang.Object, java.lang.Object, int, int, int, int)'> (0x0000000089ba8f68) 
thrown [s\open\src\hotspot\share\interpreter\linkResolver.cpp, line 759]
Event: 3.036 Thread 0x000001e905b92cc0 Exception <a 'java/lang/NoSuchMethodError'{0x00000000899b9020}: 'java.lang.Object java.lang.invoke.DirectMethodHandle$Holder.invokeInterface(java.lang.Object, java.lang.Object, java.lang.Object)'> (0x00000000899b9020) 
thrown [s\open\src\hotspot\share\interpreter\linkResolver.cpp, line 759]
Event: 3.036 Thread 0x000001e905b92cc0 Exception <a 'java/lang/IncompatibleClassChangeError'{0x00000000899bc6e8}: Found class java.lang.Object, but interface was expected> (0x00000000899bc6e8) 
thrown [s\open\src\hotspot\share\interpreter\linkResolver.cpp, line 826]
Event: 3.039 Thread 0x000001e905b92cc0 Exception <a 'java/lang/NoSuchMethodError'{0x00000000899c4cd8}: 'int java.lang.invoke.DirectMethodHandle$Holder.invokeSpecialIFC(java.lang.Object, java.lang.Object, java.lang.Object, java.lang.Object)'> (0x00000000899c4cd8) 
thrown [s\open\src\hotspot\share\interpreter\linkResolver.cpp, line 759]
Event: 3.054 Thread 0x000001e905b92cc0 Exception <a 'java/lang/NoSuchMethodError'{0x000000008982ea20}: 'java.lang.Object java.lang.invoke.DirectMethodHandle$Holder.invokeVirtual(java.lang.Object, java.lang.Object, java.lang.Object, java.lang.Object)'> (0x000000008982ea20) 
thrown [s\open\src\hotspot\share\interpreter\linkResolver.cpp, line 759]
Event: 3.089 Thread 0x000001e9695905b0 Exception <a 'java/net/ConnectException'{0x00000000898d1120}: Connection refused: no further information> (0x00000000898d1120) 
thrown [s\open\src\hotspot\share\prims\jni.cpp, line 535]
Event: 3.089 Thread 0x000001e9695905b0 Exception <a 'java/net/SocketException'{0x00000000898d1458}: Socket is not connected: shutdown> (0x00000000898d1458) 
thrown [s\open\src\hotspot\share\prims\jni.cpp, line 535]
Event: 3.110 Thread 0x000001e9695905b0 Exception <a 'java/net/ConnectException'{0x00000000898d2a20}: Connection refused: no further information> (0x00000000898d2a20) 
thrown [s\open\src\hotspot\share\prims\jni.cpp, line 535]
Event: 3.111 Thread 0x000001e9695905b0 Exception <a 'java/net/SocketException'{0x00000000898d2d58}: Socket is not connected: shutdown> (0x00000000898d2d58) 
thrown [s\open\src\hotspot\share\prims\jni.cpp, line 535]
Event: 3.140 Thread 0x000001e9695905b0 Exception <a 'java/net/ConnectException'{0x00000000898d3c80}: Connection refused: no further information> (0x00000000898d3c80) 
thrown [s\open\src\hotspot\share\prims\jni.cpp, line 535]
Event: 3.140 Thread 0x000001e9695905b0 Exception <a 'java/net/SocketException'{0x00000000898d3fb8}: Socket is not connected: shutdown> (0x00000000898d3fb8) 
thrown [s\open\src\hotspot\share\prims\jni.cpp, line 535]

VM Operations (20 events):
Event: 0.410 Executing VM operation: HandshakeAllThreads
Event: 0.410 Executing VM operation: HandshakeAllThreads done
Event: 0.521 Executing VM operation: HandshakeAllThreads
Event: 0.521 Executing VM operation: HandshakeAllThreads done
Event: 0.530 Executing VM operation: HandshakeAllThreads
Event: 0.530 Executing VM operation: HandshakeAllThreads done
Event: 1.543 Executing VM operation: Cleanup
Event: 1.543 Executing VM operation: Cleanup done
Event: 2.391 Executing VM operation: HandshakeAllThreads
Event: 2.391 Executing VM operation: HandshakeAllThreads done
Event: 2.476 Executing VM operation: HandshakeAllThreads
Event: 2.476 Executing VM operation: HandshakeAllThreads done
Event: 2.720 Executing VM operation: G1CollectForAllocation
Event: 2.729 Executing VM operation: G1CollectForAllocation done
Event: 2.850 Executing VM operation: HandshakeAllThreads
Event: 2.850 Executing VM operation: HandshakeAllThreads done
Event: 3.192 Executing VM operation: HandshakeAllThreads
Event: 3.192 Executing VM operation: HandshakeAllThreads done
Event: 3.195 Executing VM operation: HandshakeAllThreads
Event: 3.195 Executing VM operation: HandshakeAllThreads done

Events (20 events):
Event: 3.194 loading class sun/net/www/http/KeepAliveCache$1 done
Event: 3.194 Thread 0x000001e969587020 Thread added: 0x000001e969587020
Event: 3.194 loading class sun/net/www/http/ClientVector
Event: 3.194 loading class sun/net/www/http/ClientVector done
Event: 3.195 loading class sun/net/www/http/KeepAliveEntry
Event: 3.195 loading class sun/net/www/http/KeepAliveEntry done
Event: 3.196 loading class java/util/concurrent/locks/AbstractQueuedSynchronizer$ConditionNode
Event: 3.197 loading class java/util/concurrent/locks/AbstractQueuedSynchronizer$Node
Event: 3.197 loading class java/util/concurrent/locks/AbstractQueuedSynchronizer$Node done
Event: 3.197 loading class java/util/concurrent/locks/AbstractQueuedSynchronizer$ConditionNode done
Event: 3.209 loading class java/util/Collections$2
Event: 3.209 loading class java/util/Collections$2 done
Event: 3.246 loading class java/util/Collections$UnmodifiableMap$UnmodifiableEntrySet$UnmodifiableEntrySetSpliterator
Event: 3.246 loading class java/util/Collections$UnmodifiableMap$UnmodifiableEntrySet$UnmodifiableEntrySetSpliterator done
Event: 3.253 loading class java/io/ObjectInputStream
Event: 3.253 loading class java/io/ObjectInput
Event: 3.254 loading class java/io/ObjectInput done
Event: 3.254 loading class java/io/ObjectStreamConstants
Event: 3.254 loading class java/io/ObjectStreamConstants done
Event: 3.254 loading class java/io/ObjectInputStream done


Dynamic libraries:
0x00007ff6ba2e0000 - 0x00007ff6ba2f0000 	C:\Program Files\Java\jdk-17\bin\javaw.exe
0x00007fff612b0000 - 0x00007fff614a8000 	C:\WINDOWS\SYSTEM32\ntdll.dll
0x00007fff602c0000 - 0x00007fff6037d000 	C:\WINDOWS\System32\KERNEL32.DLL
0x00007fff5ec50000 - 0x00007fff5ef46000 	C:\WINDOWS\System32\KERNELBASE.dll
0x00007fff5f1e0000 - 0x00007fff5f2e0000 	C:\WINDOWS\System32\ucrtbase.dll
0x00007fff3de80000 - 0x00007fff3de9b000 	C:\Program Files\Java\jdk-17\bin\VCRUNTIME140.dll
0x00007fff3dea0000 - 0x00007fff3deb9000 	C:\Program Files\Java\jdk-17\bin\jli.dll
0x00007fff5f510000 - 0x00007fff5f5bf000 	C:\WINDOWS\System32\ADVAPI32.dll
0x00007fff60680000 - 0x00007fff6071e000 	C:\WINDOWS\System32\msvcrt.dll
0x00007fff60840000 - 0x00007fff608dc000 	C:\WINDOWS\System32\sechost.dll
0x00007fff608e0000 - 0x00007fff60a06000 	C:\WINDOWS\System32\RPCRT4.dll
0x00007fff60a40000 - 0x00007fff60bde000 	C:\WINDOWS\System32\USER32.dll
0x00007fff5f2e0000 - 0x00007fff5f302000 	C:\WINDOWS\System32\win32u.dll
0x00007fff44bc0000 - 0x00007fff44e5a000 	C:\WINDOWS\WinSxS\amd64_microsoft.windows.common-controls_6595b64144ccf1df_6.0.19041.3636_none_60b6a03d71f818d5\COMCTL32.dll
0x00007fff60570000 - 0x00007fff6059c000 	C:\WINDOWS\System32\GDI32.dll
0x00007fff5eb30000 - 0x00007fff5ec4a000 	C:\WINDOWS\System32\gdi32full.dll
0x00007fff5e990000 - 0x00007fff5ea2d000 	C:\WINDOWS\System32\msvcp_win.dll
0x00007fff5a830000 - 0x00007fff5a83a000 	C:\WINDOWS\SYSTEM32\VERSION.dll
0x00007fff60a10000 - 0x00007fff60a40000 	C:\WINDOWS\System32\IMM32.DLL
0x00007fff4c3b0000 - 0x00007fff4c3bc000 	C:\Program Files\Java\jdk-17\bin\vcruntime140_1.dll
0x00007fff39e00000 - 0x00007fff39e8e000 	C:\Program Files\Java\jdk-17\bin\msvcp140.dll
0x00007ffeaf400000 - 0x00007ffeaffde000 	C:\Program Files\Java\jdk-17\bin\server\jvm.dll
0x00007fff5f450000 - 0x00007fff5f458000 	C:\WINDOWS\System32\PSAPI.DLL
0x00007fff5b3e0000 - 0x00007fff5b3e9000 	C:\WINDOWS\SYSTEM32\WSOCK32.dll
0x00007fff45750000 - 0x00007fff45777000 	C:\WINDOWS\SYSTEM32\WINMM.dll
0x00007fff60720000 - 0x00007fff6078b000 	C:\WINDOWS\System32\ws2_32.DLL
0x00007fff5ca30000 - 0x00007fff5ca42000 	C:\WINDOWS\SYSTEM32\kernel.appcore.dll
0x00007fff49c00000 - 0x00007fff49c0a000 	C:\Program Files\Java\jdk-17\bin\jimage.dll
0x00007fff5c170000 - 0x00007fff5c354000 	C:\WINDOWS\SYSTEM32\DBGHELP.DLL
0x00007fff51740000 - 0x00007fff51774000 	C:\WINDOWS\SYSTEM32\dbgcore.DLL
0x00007fff5ea30000 - 0x00007fff5eab2000 	C:\WINDOWS\System32\bcryptPrimitives.dll
0x00007fff38710000 - 0x00007fff38735000 	C:\Program Files\Java\jdk-17\bin\java.dll
0x00007ffefbc30000 - 0x00007ffefbd07000 	C:\Program Files\Java\jdk-17\bin\jsvml.dll
0x00007fff5fb70000 - 0x00007fff602b4000 	C:\WINDOWS\System32\SHELL32.dll
0x00007fff5ca50000 - 0x00007fff5d1eb000 	C:\WINDOWS\SYSTEM32\windows.storage.dll
0x00007fff5f790000 - 0x00007fff5fae4000 	C:\WINDOWS\System32\combase.dll
0x00007fff5e3d0000 - 0x00007fff5e3fd000 	C:\WINDOWS\SYSTEM32\Wldp.dll
0x00007fff5f5c0000 - 0x00007fff5f66d000 	C:\WINDOWS\System32\SHCORE.dll
0x00007fff603e0000 - 0x00007fff60435000 	C:\WINDOWS\System32\shlwapi.dll
0x00007fff5e8c0000 - 0x00007fff5e8e5000 	C:\WINDOWS\SYSTEM32\profapi.dll
0x00007fff1eca0000 - 0x00007fff1ecb9000 	C:\Program Files\Java\jdk-17\bin\net.dll
0x00007fff53820000 - 0x00007fff5392a000 	C:\WINDOWS\SYSTEM32\WINHTTP.dll
0x00007fff5e130000 - 0x00007fff5e19a000 	C:\WINDOWS\system32\mswsock.dll
0x00007fff1ec80000 - 0x00007fff1ec96000 	C:\Program Files\Java\jdk-17\bin\nio.dll
0x00007fff1ec60000 - 0x00007fff1ec78000 	C:\Program Files\Java\jdk-17\bin\zip.dll
0x00007fff5de20000 - 0x00007fff5deea000 	C:\WINDOWS\SYSTEM32\DNSAPI.dll
0x00007fff5ddd0000 - 0x00007fff5de0b000 	C:\WINDOWS\SYSTEM32\IPHLPAPI.DLL
0x00007fff61260000 - 0x00007fff61268000 	C:\WINDOWS\System32\NSI.dll
0x00007fff480e0000 - 0x00007fff480ea000 	C:\Windows\System32\rasadhlp.dll
0x00007fff481b0000 - 0x00007fff48230000 	C:\WINDOWS\System32\fwpuclnt.dll
0x00007fff5f1b0000 - 0x00007fff5f1d7000 	C:\WINDOWS\System32\bcrypt.dll
0x00007fff5e320000 - 0x00007fff5e338000 	C:\WINDOWS\SYSTEM32\CRYPTSP.dll
0x00007fff5d9f0000 - 0x00007fff5da24000 	C:\WINDOWS\system32\rsaenh.dll
0x00007fff5e880000 - 0x00007fff5e8ae000 	C:\WINDOWS\SYSTEM32\USERENV.dll
0x00007fff5e340000 - 0x00007fff5e34c000 	C:\WINDOWS\SYSTEM32\CRYPTBASE.dll
0x00007fff54070000 - 0x00007fff54087000 	C:\WINDOWS\SYSTEM32\dhcpcsvc6.DLL
0x00007fff541c0000 - 0x00007fff541dd000 	C:\WINDOWS\SYSTEM32\dhcpcsvc.DLL
0x00007fff5bbd0000 - 0x00007fff5bbde000 	C:\Program Files\Java\jdk-17\bin\sunmscapi.dll
0x00007fff5f050000 - 0x00007fff5f1ad000 	C:\WINDOWS\System32\CRYPT32.dll
0x00007fff5e440000 - 0x00007fff5e467000 	C:\WINDOWS\SYSTEM32\ncrypt.dll
0x00007fff5e400000 - 0x00007fff5e43b000 	C:\WINDOWS\SYSTEM32\NTASN1.dll
0x00007fff5b3b0000 - 0x00007fff5b3b7000 	C:\WINDOWS\system32\wshunix.dll

dbghelp: loaded successfully - version: 4.0.5 - missing functions: none
symbol engine: initialized successfully - sym options: 0x614 - pdb path: .;C:\Program Files\Java\jdk-17\bin;C:\WINDOWS\SYSTEM32;C:\WINDOWS\WinSxS\amd64_microsoft.windows.common-controls_6595b64144ccf1df_6.0.19041.3636_none_60b6a03d71f818d5;C:\Program Files\Java\jdk-17\bin\server

VM Arguments:
jvm_args: -Dfile.encoding=UTF-8 -Dstdout.encoding=UTF-8 -Dstderr.encoding=UTF-8 -XX:+ShowCodeDetailsInExceptionMessages 
java_command: Day23.ConditionalDemo
java_class_path (initial): C:\Users\madha\eclipse-workspace\Seleniumproject\target\test-classes;C:\Users\madha\eclipse-workspace\Seleniumproject\target\classes;C:\Users\madha\.m2\repository\org\seleniumhq\selenium\selenium-java\4.16.1\selenium-java-4.16.1.jar;C:\Users\madha\.m2\repository\org\seleniumhq\selenium\selenium-api\4.16.1\selenium-api-4.16.1.jar;C:\Users\madha\.m2\repository\org\seleniumhq\selenium\selenium-chrome-driver\4.16.1\selenium-chrome-driver-4.16.1.jar;C:\Users\madha\.m2\repository\com\google\auto\service\auto-service-annotations\1.1.1\auto-service-annotations-1.1.1.jar;C:\Users\madha\.m2\repository\org\seleniumhq\selenium\selenium-chromium-driver\4.16.1\selenium-chromium-driver-4.16.1.jar;C:\Users\madha\.m2\repository\org\seleniumhq\selenium\selenium-json\4.16.1\selenium-json-4.16.1.jar;C:\Users\madha\.m2\repository\org\seleniumhq\selenium\selenium-manager\4.16.1\selenium-manager-4.16.1.jar;C:\Users\madha\.m2\repository\org\seleniumhq\selenium\selenium-devtools-v118\4.16.1\selenium-devtools-v118-4.16.1.jar;C:\Users\madha\.m2\repository\org\seleniumhq\selenium\selenium-devtools-v119\4.16.1\selenium-devtools-v119-4.16.1.jar;C:\Users\madha\.m2\repository\org\seleniumhq\selenium\selenium-devtools-v120\4.16.1\selenium-devtools-v120-4.16.1.jar;C:\Users\madha\.m2\repository\org\seleniumhq\selenium\selenium-devtools-v85\4.16.1\selenium-devtools-v85-4.16.1.jar;C:\Users\madha\.m2\repository\org\seleniumhq\selenium\selenium-edge-driver\4.16.1\selenium-edge-driver-4.16.1.jar;C:\Users\madha\.m2\repository\org\seleniumhq\selenium\selenium-firefox-driver\4.16.1\selenium-firefox-driver-4.16.1.jar;C:\Users\madha\.m2\repository\org\seleniumhq\selenium\selenium-http\4.16.1\selenium-http-4.16.1.jar;C:\Users\madha\.m2\repository\dev\failsafe\failsafe\3.3.2\failsafe-3.3.2.jar;C:\Users\madha\.m2\repository\org\seleniumhq\selenium\selenium-ie-driver\4.16.1\selenium-ie-driver-4.16.1.jar;C:\Users\madha\.m2\repository\org\seleniumhq\selenium\selenium-remote-driver\4.16.1
Launcher Type: SUN_STANDARD

[Global flags]
     intx CICompilerCount                          = 3                                         {product} {ergonomic}
     uint ConcGCThreads                            = 1                                         {product} {ergonomic}
     uint G1ConcRefinementThreads                  = 4                                         {product} {ergonomic}
   size_t G1HeapRegionSize                         = 1048576                                   {product} {ergonomic}
    uintx GCDrainStackTargetSize                   = 64                                        {product} {ergonomic}
   size_t InitialHeapSize                          = 132120576                                 {product} {ergonomic}
   size_t MarkStackSize                            = 4194304                                   {product} {ergonomic}
   size_t MaxHeapSize                              = 2113929216                                {product} {ergonomic}
   size_t MaxNewSize                               = 1267728384                                {product} {ergonomic}
   size_t MinHeapDeltaBytes                        = 1048576                                   {product} {ergonomic}
   size_t MinHeapSize                              = 8388608                                   {product} {ergonomic}
    uintx NonNMethodCodeHeapSize                   = 5832780                                {pd product} {ergonomic}
    uintx NonProfiledCodeHeapSize                  = 122912730                              {pd product} {ergonomic}
    uintx ProfiledCodeHeapSize                     = 122912730                              {pd product} {ergonomic}
    uintx ReservedCodeCacheSize                    = 251658240                              {pd product} {ergonomic}
     bool SegmentedCodeCache                       = true                                      {product} {ergonomic}
     bool ShowCodeDetailsInExceptionMessages       = true                                   {manageable} {command line}
   size_t SoftMaxHeapSize                          = 2113929216                             {manageable} {ergonomic}
     bool UseCompressedClassPointers               = true                           {product lp64_product} {ergonomic}
     bool UseCompressedOops                        = true                           {product lp64_product} {ergonomic}
     bool UseG1GC                                  = true                                      {product} {ergonomic}
     bool UseLargePagesIndividualAllocation        = false                                  {pd product} {ergonomic}

Logging:
Log output configuration:
 #0: stdout all=warning uptime,level,tags
 #1: stderr all=off uptime,level,tags

Environment Variables:
PATH=C:/Program Files/Java/jdk-17/bin/server;C:/Program Files/Java/jdk-17/bin;C:\Program Files\Common Files\Oracle\Java\javapath;C:\WINDOWS\system32;C:\WINDOWS;C:\WINDOWS\System32\Wbem;C:\WINDOWS\System32\WindowsPowerShell\v1.0\;C:\WINDOWS\System32\OpenSSH\;C:\Android;C:\Windows\System32;C:\Users\madha\AppData\Local\Microsoft\WindowsApps;;C:\WINDOWS\system32;
USERNAME=madha
OS=Windows_NT
PROCESSOR_IDENTIFIER=Intel64 Family 6 Model 142 Stepping 9, GenuineIntel



---------------  S Y S T E M  ---------------

OS:
 Windows 10 , 64 bit Build 19041 (10.0.19041.3636)
OS uptime: 16 days 13:24 hours

CPU: total 4 (initial active 4) (2 cores per cpu, 2 threads per core) family 6 model 142 stepping 9 microcode 0xde, cx8, cmov, fxsr, ht, mmx, 3dnowpref, sse, sse2, sse3, ssse3, sse4.1, sse4.2, popcnt, lzcnt, tsc, tscinvbit, avx, avx2, aes, erms, clmul, bmi1, bmi2, adx, fma, vzeroupper, clflush, clflushopt

Memory: 4k page, system-wide physical 8060M (648M free)
TotalPageFile size 32636M (AvailPageFile size 1M)
current process WorkingSet (physical memory assigned to process): 74M, peak: 74M
current process commit charge ("private bytes"): 218M, peak: 218M

vm_info: Java HotSpot(TM) 64-Bit Server VM (17.0.8+9-LTS-211) for windows-amd64 JRE (17.0.8+9-LTS-211), built on Jun 14 2023 10:34:31 by "mach5one" with MS VC++ 17.1 (VS2022)

END.
