#
# There is insufficient memory for the Java Runtime Environment to continue.
# Native memory allocation (malloc) failed to allocate 32784 bytes for Chunk::new
# Possible reasons:
#   The system is out of physical RAM or swap space
#   The process is running with CompressedOops enabled, and the Java Heap may be blocking the growth of the native heap
# Possible solutions:
#   Reduce memory load on the system
#   Increase physical memory or swap space
#   Check if swap backing store is full
#   Decrease Java heap size (-Xmx/-Xms)
#   Decrease number of Java threads
#   Decrease Java thread stack sizes (-Xss)
#   Set larger code cache with -XX:ReservedCodeCacheSize=
#   JVM is running with Unscaled Compressed Oops mode in which the Java heap is
#     placed in the first 4GB address space. The Java Heap base address is the
#     maximum limit for the native heap growth. Please use -XX:HeapBaseMinAddress
#     to set the Java Heap base and to place the Java Heap above 4GB virtual address.
# This output file may be truncated or incomplete.
#
#  Out of Memory Error (arena.cpp:189), pid=34580, tid=42932
#
# JRE version: Java(TM) SE Runtime Environment (17.0.8+9) (build 17.0.8+9-LTS-211)
# Java VM: Java HotSpot(TM) 64-Bit Server VM (17.0.8+9-LTS-211, mixed mode, sharing, tiered, compressed oops, compressed class ptrs, g1 gc, windows-amd64)
# No core dump will be written. Minidumps are not enabled by default on client versions of Windows
#

---------------  S U M M A R Y ------------

Command Line: -Dfile.encoding=UTF-8 -Dstdout.encoding=UTF-8 -Dstderr.encoding=UTF-8 -XX:+ShowCodeDetailsInExceptionMessages Day23.ConditionalDemo

Host: Intel(R) Core(TM) i3-7020U CPU @ 2.30GHz, 4 cores, 7G,  Windows 10 , 64 bit Build 19041 (10.0.19041.3636)
Time: Sun Dec 17 11:27:26 2023 India Standard Time elapsed time: 5.006427 seconds (0d 0h 0m 5s)

---------------  T H R E A D  ---------------

Current thread (0x0000022d7f629e60):  JavaThread "C2 CompilerThread0" daemon [_thread_in_native, id=42932, stack(0x000000daed800000,0x000000daed900000)]


Current CompileTask:
C2:   5006 1605       4       java.lang.invoke.MethodType::makeImpl (109 bytes)

Stack: [0x000000daed800000,0x000000daed900000]
Native frames: (J=compiled Java code, j=interpreted, Vv=VM code, C=native code)
V  [jvm.dll+0x677d0a]
V  [jvm.dll+0x7d8c54]
V  [jvm.dll+0x7da3fe]
V  [jvm.dll+0x7daa63]
V  [jvm.dll+0x245c5f]
V  [jvm.dll+0xaaa6b]
V  [jvm.dll+0xab00c]
V  [jvm.dll+0xaab84]
V  [jvm.dll+0x6565ec]
V  [jvm.dll+0x56fce8]
V  [jvm.dll+0x56f4d6]
V  [jvm.dll+0x56eb20]
V  [jvm.dll+0x56eae6]
V  [jvm.dll+0x56eb34]
V  [jvm.dll+0x56eb34]
V  [jvm.dll+0x56eb34]
V  [jvm.dll+0x56eb34]
V  [jvm.dll+0x56eb34]
V  [jvm.dll+0x56eb34]
V  [jvm.dll+0x56eb34]
V  [jvm.dll+0x56eb34]
V  [jvm.dll+0x56eb34]
V  [jvm.dll+0x56eb34]
V  [jvm.dll+0x56eb34]
V  [jvm.dll+0x56eb34]
V  [jvm.dll+0x56eb34]
V  [jvm.dll+0x580c48]
V  [jvm.dll+0x220b22]
V  [jvm.dll+0x219b0f]
V  [jvm.dll+0x217329]
V  [jvm.dll+0x1a3af0]
V  [jvm.dll+0x2270be]
V  [jvm.dll+0x22535b]
V  [jvm.dll+0x78e7bc]
V  [jvm.dll+0x788bba]
V  [jvm.dll+0x676b35]
C  [ucrtbase.dll+0x21bb2]
C  [KERNEL32.DLL+0x17344]
C  [ntdll.dll+0x526b1]


---------------  P R O C E S S  ---------------

Threads class SMR info:
_java_thread_list=0x0000022d6068c790, length=26, elements={
0x0000022d7c552720, 0x0000022d7f60a730, 0x0000022d7f60b4b0, 0x0000022d7f618c40,
0x0000022d7f61a710, 0x0000022d7f61cfe0, 0x0000022d7f61dcb0, 0x0000022d7f629e60,
0x0000022d7f62b770, 0x0000022d7f638860, 0x0000022d1a90b0e0, 0x0000022d1a9201a0,
0x0000022d6039c140, 0x0000022d60517840, 0x0000022d60523ff0, 0x0000022d605a0860,
0x0000022d605244c0, 0x0000022d605c0af0, 0x0000022d6059a850, 0x0000022d60640580,
0x0000022d60640a50, 0x0000022d606413f0, 0x0000022d60640f20, 0x0000022d606418c0,
0x0000022d606400b0, 0x0000022d6085ad40
}

Java Threads: ( => current thread )
  0x0000022d7c552720 JavaThread "Forwarding get on session 976e58a6426330fe907e595de110d0b9 to remote" [_thread_blocked, id=43600, stack(0x000000daecb00000,0x000000daecc00000)]
  0x0000022d7f60a730 JavaThread "Reference Handler" daemon [_thread_blocked, id=31184, stack(0x000000daed200000,0x000000daed300000)]
  0x0000022d7f60b4b0 JavaThread "Finalizer" daemon [_thread_blocked, id=49060, stack(0x000000daed300000,0x000000daed400000)]
  0x0000022d7f618c40 JavaThread "Signal Dispatcher" daemon [_thread_blocked, id=37976, stack(0x000000daed400000,0x000000daed500000)]
  0x0000022d7f61a710 JavaThread "Attach Listener" daemon [_thread_blocked, id=18800, stack(0x000000daed500000,0x000000daed600000)]
  0x0000022d7f61cfe0 JavaThread "Service Thread" daemon [_thread_blocked, id=41752, stack(0x000000daed600000,0x000000daed700000)]
  0x0000022d7f61dcb0 JavaThread "Monitor Deflation Thread" daemon [_thread_blocked, id=38340, stack(0x000000daed700000,0x000000daed800000)]
=>0x0000022d7f629e60 JavaThread "C2 CompilerThread0" daemon [_thread_in_native, id=42932, stack(0x000000daed800000,0x000000daed900000)]
  0x0000022d7f62b770 JavaThread "C1 CompilerThread0" daemon [_thread_blocked, id=29564, stack(0x000000daed900000,0x000000daeda00000)]
  0x0000022d7f638860 JavaThread "Sweeper thread" daemon [_thread_blocked, id=30756, stack(0x000000daeda00000,0x000000daedb00000)]
  0x0000022d1a90b0e0 JavaThread "Notification Thread" daemon [_thread_blocked, id=17380, stack(0x000000daedb00000,0x000000daedc00000)]
  0x0000022d1a9201a0 JavaThread "Common-Cleaner" daemon [_thread_blocked, id=41832, stack(0x000000daedd00000,0x000000daede00000)]
  0x0000022d6039c140 JavaThread "ForkJoinPool.commonPool-worker-1" daemon [_thread_blocked, id=42232, stack(0x000000daede00000,0x000000daedf00000)]
  0x0000022d60517840 JavaThread "HttpClient-1-SelectorManager" daemon [_thread_in_native, id=45216, stack(0x000000daee300000,0x000000daee400000)]
  0x0000022d60523ff0 JavaThread "External Process Output Forwarder - C:\Users\madha\.cache\selenium\chromedriver\win64\120.0.6099.71\chromedriver.exe" [_thread_in_native, id=32252, stack(0x000000daee400000,0x000000daee500000)]
  0x0000022d605a0860 JavaThread "Driver Service Executor" daemon [_thread_blocked, id=31220, stack(0x000000daee500000,0x000000daee600000)]
  0x0000022d605244c0 JavaThread "Driver Service Executor" daemon [_thread_in_native, id=48108, stack(0x000000daee600000,0x000000daee700000)]
  0x0000022d605c0af0 JavaThread "UrlChecker-2" daemon [_thread_blocked, id=30420, stack(0x000000daee700000,0x000000daee800000)]
  0x0000022d6059a850 JavaThread "Keep-Alive-Timer" daemon [_thread_blocked, id=40584, stack(0x000000daee900000,0x000000daeea00000)]
  0x0000022d60640580 JavaThread "pool-1-thread-1" [_thread_blocked, id=44524, stack(0x000000daeea00000,0x000000daeeb00000)]
  0x0000022d60640a50 JavaThread "pool-1-thread-2" [_thread_blocked, id=35380, stack(0x000000daeeb00000,0x000000daeec00000)]
  0x0000022d606413f0 JavaThread "pool-1-thread-3" [_thread_blocked, id=45852, stack(0x000000daeec00000,0x000000daeed00000)]
  0x0000022d60640f20 JavaThread "HttpClient-2-SelectorManager" daemon [_thread_in_native, id=48532, stack(0x000000daeed00000,0x000000daeee00000)]
  0x0000022d606418c0 JavaThread "pool-2-thread-1" [_thread_blocked, id=17412, stack(0x000000daeee00000,0x000000daeef00000)]
  0x0000022d606400b0 JavaThread "pool-2-thread-2" [_thread_blocked, id=48008, stack(0x000000daeef00000,0x000000daef000000)]
  0x0000022d6085ad40 JavaThread "pool-2-thread-3" [_thread_blocked, id=31308, stack(0x000000daef000000,0x000000daef100000)]

Other Threads:
  0x0000022d7f603c10 VMThread "VM Thread" [stack: 0x000000daed100000,0x000000daed200000] [id=35812]
  0x0000022d7c5d3050 WatcherThread [stack: 0x000000daedc00000,0x000000daedd00000] [id=35204]
  0x0000022d7c5b3840 GCTaskThread "GC Thread#0" [stack: 0x000000daecc00000,0x000000daecd00000] [id=47676]
  0x0000022d6042f390 GCTaskThread "GC Thread#1" [stack: 0x000000daedf00000,0x000000daee000000] [id=20256]
  0x0000022d603e2ec0 GCTaskThread "GC Thread#2" [stack: 0x000000daee000000,0x000000daee100000] [id=15764]
  0x0000022d604ac970 GCTaskThread "GC Thread#3" [stack: 0x000000daee100000,0x000000daee200000] [id=44880]
  0x0000022d7c5c5a40 ConcurrentGCThread "G1 Main Marker" [stack: 0x000000daecd00000,0x000000daece00000] [id=45724]
  0x0000022d7c5c6360 ConcurrentGCThread "G1 Conc#0" [stack: 0x000000daece00000,0x000000daecf00000] [id=30156]
  0x0000022d7f4c0090 ConcurrentGCThread "G1 Refine#0" [stack: 0x000000daecf00000,0x000000daed000000] [id=44928]
  0x0000022d603e3170 ConcurrentGCThread "G1 Refine#1" [stack: 0x000000daee200000,0x000000daee300000] [id=36404]
  0x0000022d7f4c09c0 ConcurrentGCThread "G1 Service" [stack: 0x000000daed000000,0x000000daed100000] [id=41236]

Threads with active compile tasks:
C2 CompilerThread0     5123 1605       4       java.lang.invoke.MethodType::makeImpl (109 bytes)

VM state: not at safepoint (normal execution)

VM Mutex/Monitor currently owned by a thread: None

Heap address: 0x0000000082000000, size: 2016 MB, Compressed Oops mode: 32-bit

CDS archive(s) mapped at: [0x0000022d1b000000-0x0000022d1bbd0000-0x0000022d1bbd0000), size 12386304, SharedBaseAddress: 0x0000022d1b000000, ArchiveRelocationMode: 1.
Compressed class space mapped at: 0x0000022d1c000000-0x0000022d5c000000, reserved size: 1073741824
Narrow klass base: 0x0000022d1b000000, Narrow klass shift: 0, Narrow klass range: 0x100000000

GC Precious Log:
 CPUs: 4 total, 4 available
 Memory: 8060M
 Large Page Support: Disabled
 NUMA Support: Disabled
 Compressed Oops: Enabled (32-bit)
 Heap Region Size: 1M
 Heap Min Capacity: 8M
 Heap Initial Capacity: 126M
 Heap Max Capacity: 2016M
 Pre-touch: Disabled
 Parallel Workers: 4
 Concurrent Workers: 1
 Concurrent Refinement Workers: 4
 Periodic GC: Disabled

Heap:
 garbage-first heap   total 129024K, used 13866K [0x0000000082000000, 0x0000000100000000)
  region size 1024K, 11 young (11264K), 2 survivors (2048K)
 Metaspace       used 12845K, committed 13184K, reserved 1114112K
  class space    used 1587K, committed 1728K, reserved 1048576K

Heap Regions: E=young(eden), S=young(survivor), O=old, HS=humongous(starts), HC=humongous(continues), CS=collection set, F=free, OA=open archive, CA=closed archive, TAMS=top-at-mark-start (previous, next)
|   0|0x0000000082000000, 0x0000000082100000, 0x0000000082100000|100%| O|  |TAMS 0x0000000082000000, 0x0000000082000000| Untracked 
|   1|0x0000000082100000, 0x0000000082200000, 0x0000000082200000|100%| O|  |TAMS 0x0000000082100000, 0x0000000082100000| Untracked 
|   2|0x0000000082200000, 0x0000000082300000, 0x0000000082300000|100%| O|  |TAMS 0x0000000082200000, 0x0000000082200000| Untracked 
|   3|0x0000000082300000, 0x0000000082400000, 0x0000000082400000|100%| O|  |TAMS 0x0000000082300000, 0x0000000082300000| Untracked 
|   4|0x0000000082400000, 0x0000000082423e00, 0x0000000082500000| 14%| O|  |TAMS 0x0000000082400000, 0x0000000082400000| Untracked 
|   5|0x0000000082500000, 0x0000000082500000, 0x0000000082600000|  0%| F|  |TAMS 0x0000000082500000, 0x0000000082500000| Untracked 
|   6|0x0000000082600000, 0x0000000082600000, 0x0000000082700000|  0%| F|  |TAMS 0x0000000082600000, 0x0000000082600000| Untracked 
|   7|0x0000000082700000, 0x0000000082700000, 0x0000000082800000|  0%| F|  |TAMS 0x0000000082700000, 0x0000000082700000| Untracked 
|   8|0x0000000082800000, 0x0000000082800000, 0x0000000082900000|  0%| F|  |TAMS 0x0000000082800000, 0x0000000082800000| Untracked 
|   9|0x0000000082900000, 0x0000000082900000, 0x0000000082a00000|  0%| F|  |TAMS 0x0000000082900000, 0x0000000082900000| Untracked 
|  10|0x0000000082a00000, 0x0000000082a00000, 0x0000000082b00000|  0%| F|  |TAMS 0x0000000082a00000, 0x0000000082a00000| Untracked 
|  11|0x0000000082b00000, 0x0000000082b00000, 0x0000000082c00000|  0%| F|  |TAMS 0x0000000082b00000, 0x0000000082b00000| Untracked 
|  12|0x0000000082c00000, 0x0000000082c00000, 0x0000000082d00000|  0%| F|  |TAMS 0x0000000082c00000, 0x0000000082c00000| Untracked 
|  13|0x0000000082d00000, 0x0000000082d00000, 0x0000000082e00000|  0%| F|  |TAMS 0x0000000082d00000, 0x0000000082d00000| Untracked 
|  14|0x0000000082e00000, 0x0000000082e00000, 0x0000000082f00000|  0%| F|  |TAMS 0x0000000082e00000, 0x0000000082e00000| Untracked 
|  15|0x0000000082f00000, 0x0000000082f00000, 0x0000000083000000|  0%| F|  |TAMS 0x0000000082f00000, 0x0000000082f00000| Untracked 
|  16|0x0000000083000000, 0x0000000083000000, 0x0000000083100000|  0%| F|  |TAMS 0x0000000083000000, 0x0000000083000000| Untracked 
|  17|0x0000000083100000, 0x0000000083100000, 0x0000000083200000|  0%| F|  |TAMS 0x0000000083100000, 0x0000000083100000| Untracked 
|  18|0x0000000083200000, 0x0000000083200000, 0x0000000083300000|  0%| F|  |TAMS 0x0000000083200000, 0x0000000083200000| Untracked 
|  19|0x0000000083300000, 0x0000000083300000, 0x0000000083400000|  0%| F|  |TAMS 0x0000000083300000, 0x0000000083300000| Untracked 
|  20|0x0000000083400000, 0x0000000083400000, 0x0000000083500000|  0%| F|  |TAMS 0x0000000083400000, 0x0000000083400000| Untracked 
|  21|0x0000000083500000, 0x0000000083500000, 0x0000000083600000|  0%| F|  |TAMS 0x0000000083500000, 0x0000000083500000| Untracked 
|  22|0x0000000083600000, 0x0000000083600000, 0x0000000083700000|  0%| F|  |TAMS 0x0000000083600000, 0x0000000083600000| Untracked 
|  23|0x0000000083700000, 0x0000000083700000, 0x0000000083800000|  0%| F|  |TAMS 0x0000000083700000, 0x0000000083700000| Untracked 
|  24|0x0000000083800000, 0x0000000083800000, 0x0000000083900000|  0%| F|  |TAMS 0x0000000083800000, 0x0000000083800000| Untracked 
|  25|0x0000000083900000, 0x0000000083900000, 0x0000000083a00000|  0%| F|  |TAMS 0x0000000083900000, 0x0000000083900000| Untracked 
|  26|0x0000000083a00000, 0x0000000083a00000, 0x0000000083b00000|  0%| F|  |TAMS 0x0000000083a00000, 0x0000000083a00000| Untracked 
|  27|0x0000000083b00000, 0x0000000083b00000, 0x0000000083c00000|  0%| F|  |TAMS 0x0000000083b00000, 0x0000000083b00000| Untracked 
|  28|0x0000000083c00000, 0x0000000083c00000, 0x0000000083d00000|  0%| F|  |TAMS 0x0000000083c00000, 0x0000000083c00000| Untracked 
|  29|0x0000000083d00000, 0x0000000083d00000, 0x0000000083e00000|  0%| F|  |TAMS 0x0000000083d00000, 0x0000000083d00000| Untracked 
|  30|0x0000000083e00000, 0x0000000083e00000, 0x0000000083f00000|  0%| F|  |TAMS 0x0000000083e00000, 0x0000000083e00000| Untracked 
|  31|0x0000000083f00000, 0x0000000083f00000, 0x0000000084000000|  0%| F|  |TAMS 0x0000000083f00000, 0x0000000083f00000| Untracked 
|  32|0x0000000084000000, 0x0000000084000000, 0x0000000084100000|  0%| F|  |TAMS 0x0000000084000000, 0x0000000084000000| Untracked 
|  33|0x0000000084100000, 0x0000000084100000, 0x0000000084200000|  0%| F|  |TAMS 0x0000000084100000, 0x0000000084100000| Untracked 
|  34|0x0000000084200000, 0x0000000084200000, 0x0000000084300000|  0%| F|  |TAMS 0x0000000084200000, 0x0000000084200000| Untracked 
|  35|0x0000000084300000, 0x0000000084300000, 0x0000000084400000|  0%| F|  |TAMS 0x0000000084300000, 0x0000000084300000| Untracked 
|  36|0x0000000084400000, 0x0000000084400000, 0x0000000084500000|  0%| F|  |TAMS 0x0000000084400000, 0x0000000084400000| Untracked 
|  37|0x0000000084500000, 0x0000000084500000, 0x0000000084600000|  0%| F|  |TAMS 0x0000000084500000, 0x0000000084500000| Untracked 
|  38|0x0000000084600000, 0x0000000084600000, 0x0000000084700000|  0%| F|  |TAMS 0x0000000084600000, 0x0000000084600000| Untracked 
|  39|0x0000000084700000, 0x0000000084700000, 0x0000000084800000|  0%| F|  |TAMS 0x0000000084700000, 0x0000000084700000| Untracked 
|  40|0x0000000084800000, 0x0000000084800000, 0x0000000084900000|  0%| F|  |TAMS 0x0000000084800000, 0x0000000084800000| Untracked 
|  41|0x0000000084900000, 0x0000000084900000, 0x0000000084a00000|  0%| F|  |TAMS 0x0000000084900000, 0x0000000084900000| Untracked 
|  42|0x0000000084a00000, 0x0000000084a00000, 0x0000000084b00000|  0%| F|  |TAMS 0x0000000084a00000, 0x0000000084a00000| Untracked 
|  43|0x0000000084b00000, 0x0000000084b00000, 0x0000000084c00000|  0%| F|  |TAMS 0x0000000084b00000, 0x0000000084b00000| Untracked 
|  44|0x0000000084c00000, 0x0000000084c00000, 0x0000000084d00000|  0%| F|  |TAMS 0x0000000084c00000, 0x0000000084c00000| Untracked 
|  45|0x0000000084d00000, 0x0000000084d00000, 0x0000000084e00000|  0%| F|  |TAMS 0x0000000084d00000, 0x0000000084d00000| Untracked 
|  46|0x0000000084e00000, 0x0000000084e00000, 0x0000000084f00000|  0%| F|  |TAMS 0x0000000084e00000, 0x0000000084e00000| Untracked 
|  47|0x0000000084f00000, 0x0000000084f00000, 0x0000000085000000|  0%| F|  |TAMS 0x0000000084f00000, 0x0000000084f00000| Untracked 
|  48|0x0000000085000000, 0x0000000085000000, 0x0000000085100000|  0%| F|  |TAMS 0x0000000085000000, 0x0000000085000000| Untracked 
|  49|0x0000000085100000, 0x0000000085100000, 0x0000000085200000|  0%| F|  |TAMS 0x0000000085100000, 0x0000000085100000| Untracked 
|  50|0x0000000085200000, 0x0000000085200000, 0x0000000085300000|  0%| F|  |TAMS 0x0000000085200000, 0x0000000085200000| Untracked 
|  51|0x0000000085300000, 0x0000000085300000, 0x0000000085400000|  0%| F|  |TAMS 0x0000000085300000, 0x0000000085300000| Untracked 
|  52|0x0000000085400000, 0x0000000085400000, 0x0000000085500000|  0%| F|  |TAMS 0x0000000085400000, 0x0000000085400000| Untracked 
|  53|0x0000000085500000, 0x0000000085500000, 0x0000000085600000|  0%| F|  |TAMS 0x0000000085500000, 0x0000000085500000| Untracked 
|  54|0x0000000085600000, 0x0000000085600000, 0x0000000085700000|  0%| F|  |TAMS 0x0000000085600000, 0x0000000085600000| Untracked 
|  55|0x0000000085700000, 0x0000000085700000, 0x0000000085800000|  0%| F|  |TAMS 0x0000000085700000, 0x0000000085700000| Untracked 
|  56|0x0000000085800000, 0x0000000085800000, 0x0000000085900000|  0%| F|  |TAMS 0x0000000085800000, 0x0000000085800000| Untracked 
|  57|0x0000000085900000, 0x0000000085900000, 0x0000000085a00000|  0%| F|  |TAMS 0x0000000085900000, 0x0000000085900000| Untracked 
|  58|0x0000000085a00000, 0x0000000085a00000, 0x0000000085b00000|  0%| F|  |TAMS 0x0000000085a00000, 0x0000000085a00000| Untracked 
|  59|0x0000000085b00000, 0x0000000085b00000, 0x0000000085c00000|  0%| F|  |TAMS 0x0000000085b00000, 0x0000000085b00000| Untracked 
|  60|0x0000000085c00000, 0x0000000085c00000, 0x0000000085d00000|  0%| F|  |TAMS 0x0000000085c00000, 0x0000000085c00000| Untracked 
|  61|0x0000000085d00000, 0x0000000085d00000, 0x0000000085e00000|  0%| F|  |TAMS 0x0000000085d00000, 0x0000000085d00000| Untracked 
|  62|0x0000000085e00000, 0x0000000085e00000, 0x0000000085f00000|  0%| F|  |TAMS 0x0000000085e00000, 0x0000000085e00000| Untracked 
|  63|0x0000000085f00000, 0x0000000085f00000, 0x0000000086000000|  0%| F|  |TAMS 0x0000000085f00000, 0x0000000085f00000| Untracked 
|  64|0x0000000086000000, 0x0000000086000000, 0x0000000086100000|  0%| F|  |TAMS 0x0000000086000000, 0x0000000086000000| Untracked 
|  65|0x0000000086100000, 0x0000000086100000, 0x0000000086200000|  0%| F|  |TAMS 0x0000000086100000, 0x0000000086100000| Untracked 
|  66|0x0000000086200000, 0x0000000086200000, 0x0000000086300000|  0%| F|  |TAMS 0x0000000086200000, 0x0000000086200000| Untracked 
|  67|0x0000000086300000, 0x0000000086300000, 0x0000000086400000|  0%| F|  |TAMS 0x0000000086300000, 0x0000000086300000| Untracked 
|  68|0x0000000086400000, 0x0000000086400000, 0x0000000086500000|  0%| F|  |TAMS 0x0000000086400000, 0x0000000086400000| Untracked 
|  69|0x0000000086500000, 0x0000000086500000, 0x0000000086600000|  0%| F|  |TAMS 0x0000000086500000, 0x0000000086500000| Untracked 
|  70|0x0000000086600000, 0x0000000086600000, 0x0000000086700000|  0%| F|  |TAMS 0x0000000086600000, 0x0000000086600000| Untracked 
|  71|0x0000000086700000, 0x0000000086700000, 0x0000000086800000|  0%| F|  |TAMS 0x0000000086700000, 0x0000000086700000| Untracked 
|  72|0x0000000086800000, 0x0000000086800000, 0x0000000086900000|  0%| F|  |TAMS 0x0000000086800000, 0x0000000086800000| Untracked 
|  73|0x0000000086900000, 0x0000000086900000, 0x0000000086a00000|  0%| F|  |TAMS 0x0000000086900000, 0x0000000086900000| Untracked 
|  74|0x0000000086a00000, 0x0000000086a00000, 0x0000000086b00000|  0%| F|  |TAMS 0x0000000086a00000, 0x0000000086a00000| Untracked 
|  75|0x0000000086b00000, 0x0000000086b00000, 0x0000000086c00000|  0%| F|  |TAMS 0x0000000086b00000, 0x0000000086b00000| Untracked 
|  76|0x0000000086c00000, 0x0000000086c00000, 0x0000000086d00000|  0%| F|  |TAMS 0x0000000086c00000, 0x0000000086c00000| Untracked 
|  77|0x0000000086d00000, 0x0000000086d00000, 0x0000000086e00000|  0%| F|  |TAMS 0x0000000086d00000, 0x0000000086d00000| Untracked 
|  78|0x0000000086e00000, 0x0000000086e00000, 0x0000000086f00000|  0%| F|  |TAMS 0x0000000086e00000, 0x0000000086e00000| Untracked 
|  79|0x0000000086f00000, 0x0000000086f00000, 0x0000000087000000|  0%| F|  |TAMS 0x0000000086f00000, 0x0000000086f00000| Untracked 
|  80|0x0000000087000000, 0x0000000087000000, 0x0000000087100000|  0%| F|  |TAMS 0x0000000087000000, 0x0000000087000000| Untracked 
|  81|0x0000000087100000, 0x0000000087100000, 0x0000000087200000|  0%| F|  |TAMS 0x0000000087100000, 0x0000000087100000| Untracked 
|  82|0x0000000087200000, 0x0000000087200000, 0x0000000087300000|  0%| F|  |TAMS 0x0000000087200000, 0x0000000087200000| Untracked 
|  83|0x0000000087300000, 0x0000000087300000, 0x0000000087400000|  0%| F|  |TAMS 0x0000000087300000, 0x0000000087300000| Untracked 
|  84|0x0000000087400000, 0x0000000087400000, 0x0000000087500000|  0%| F|  |TAMS 0x0000000087400000, 0x0000000087400000| Untracked 
|  85|0x0000000087500000, 0x0000000087500000, 0x0000000087600000|  0%| F|  |TAMS 0x0000000087500000, 0x0000000087500000| Untracked 
|  86|0x0000000087600000, 0x0000000087600000, 0x0000000087700000|  0%| F|  |TAMS 0x0000000087600000, 0x0000000087600000| Untracked 
|  87|0x0000000087700000, 0x0000000087700000, 0x0000000087800000|  0%| F|  |TAMS 0x0000000087700000, 0x0000000087700000| Untracked 
|  88|0x0000000087800000, 0x0000000087800000, 0x0000000087900000|  0%| F|  |TAMS 0x0000000087800000, 0x0000000087800000| Untracked 
|  89|0x0000000087900000, 0x0000000087900000, 0x0000000087a00000|  0%| F|  |TAMS 0x0000000087900000, 0x0000000087900000| Untracked 
|  90|0x0000000087a00000, 0x0000000087a00000, 0x0000000087b00000|  0%| F|  |TAMS 0x0000000087a00000, 0x0000000087a00000| Untracked 
|  91|0x0000000087b00000, 0x0000000087b00000, 0x0000000087c00000|  0%| F|  |TAMS 0x0000000087b00000, 0x0000000087b00000| Untracked 
|  92|0x0000000087c00000, 0x0000000087c00000, 0x0000000087d00000|  0%| F|  |TAMS 0x0000000087c00000, 0x0000000087c00000| Untracked 
|  93|0x0000000087d00000, 0x0000000087d00000, 0x0000000087e00000|  0%| F|  |TAMS 0x0000000087d00000, 0x0000000087d00000| Untracked 
|  94|0x0000000087e00000, 0x0000000087e00000, 0x0000000087f00000|  0%| F|  |TAMS 0x0000000087e00000, 0x0000000087e00000| Untracked 
|  95|0x0000000087f00000, 0x0000000087f00000, 0x0000000088000000|  0%| F|  |TAMS 0x0000000087f00000, 0x0000000087f00000| Untracked 
|  96|0x0000000088000000, 0x0000000088000000, 0x0000000088100000|  0%| F|  |TAMS 0x0000000088000000, 0x0000000088000000| Untracked 
|  97|0x0000000088100000, 0x0000000088100000, 0x0000000088200000|  0%| F|  |TAMS 0x0000000088100000, 0x0000000088100000| Untracked 
|  98|0x0000000088200000, 0x0000000088200000, 0x0000000088300000|  0%| F|  |TAMS 0x0000000088200000, 0x0000000088200000| Untracked 
|  99|0x0000000088300000, 0x0000000088300000, 0x0000000088400000|  0%| F|  |TAMS 0x0000000088300000, 0x0000000088300000| Untracked 
| 100|0x0000000088400000, 0x0000000088400000, 0x0000000088500000|  0%| F|  |TAMS 0x0000000088400000, 0x0000000088400000| Untracked 
| 101|0x0000000088500000, 0x0000000088500000, 0x0000000088600000|  0%| F|  |TAMS 0x0000000088500000, 0x0000000088500000| Untracked 
| 102|0x0000000088600000, 0x0000000088600000, 0x0000000088700000|  0%| F|  |TAMS 0x0000000088600000, 0x0000000088600000| Untracked 
| 103|0x0000000088700000, 0x0000000088700000, 0x0000000088800000|  0%| F|  |TAMS 0x0000000088700000, 0x0000000088700000| Untracked 
| 104|0x0000000088800000, 0x0000000088800000, 0x0000000088900000|  0%| F|  |TAMS 0x0000000088800000, 0x0000000088800000| Untracked 
| 105|0x0000000088900000, 0x0000000088900000, 0x0000000088a00000|  0%| F|  |TAMS 0x0000000088900000, 0x0000000088900000| Untracked 
| 106|0x0000000088a00000, 0x0000000088a00000, 0x0000000088b00000|  0%| F|  |TAMS 0x0000000088a00000, 0x0000000088a00000| Untracked 
| 107|0x0000000088b00000, 0x0000000088b00000, 0x0000000088c00000|  0%| F|  |TAMS 0x0000000088b00000, 0x0000000088b00000| Untracked 
| 108|0x0000000088c00000, 0x0000000088c00000, 0x0000000088d00000|  0%| F|  |TAMS 0x0000000088c00000, 0x0000000088c00000| Untracked 
| 109|0x0000000088d00000, 0x0000000088d00000, 0x0000000088e00000|  0%| F|  |TAMS 0x0000000088d00000, 0x0000000088d00000| Untracked 
| 110|0x0000000088e00000, 0x0000000088e00000, 0x0000000088f00000|  0%| F|  |TAMS 0x0000000088e00000, 0x0000000088e00000| Untracked 
| 111|0x0000000088f00000, 0x0000000088f00000, 0x0000000089000000|  0%| F|  |TAMS 0x0000000088f00000, 0x0000000088f00000| Untracked 
| 112|0x0000000089000000, 0x0000000089000000, 0x0000000089100000|  0%| F|  |TAMS 0x0000000089000000, 0x0000000089000000| Untracked 
| 113|0x0000000089100000, 0x0000000089166b10, 0x0000000089200000| 40%| S|CS|TAMS 0x0000000089100000, 0x0000000089100000| Complete 
| 114|0x0000000089200000, 0x0000000089300000, 0x0000000089300000|100%| S|CS|TAMS 0x0000000089200000, 0x0000000089200000| Complete 
| 115|0x0000000089300000, 0x0000000089300000, 0x0000000089400000|  0%| F|  |TAMS 0x0000000089300000, 0x0000000089300000| Untracked 
| 116|0x0000000089400000, 0x0000000089400000, 0x0000000089500000|  0%| F|  |TAMS 0x0000000089400000, 0x0000000089400000| Untracked 
| 117|0x0000000089500000, 0x0000000089582210, 0x0000000089600000| 50%| E|  |TAMS 0x0000000089500000, 0x0000000089500000| Complete 
| 118|0x0000000089600000, 0x0000000089700000, 0x0000000089700000|100%| E|CS|TAMS 0x0000000089600000, 0x0000000089600000| Complete 
| 119|0x0000000089700000, 0x0000000089800000, 0x0000000089800000|100%| E|CS|TAMS 0x0000000089700000, 0x0000000089700000| Complete 
| 120|0x0000000089800000, 0x0000000089900000, 0x0000000089900000|100%| E|CS|TAMS 0x0000000089800000, 0x0000000089800000| Complete 
| 121|0x0000000089900000, 0x0000000089a00000, 0x0000000089a00000|100%| E|CS|TAMS 0x0000000089900000, 0x0000000089900000| Complete 
| 122|0x0000000089a00000, 0x0000000089b00000, 0x0000000089b00000|100%| E|CS|TAMS 0x0000000089a00000, 0x0000000089a00000| Complete 
| 123|0x0000000089b00000, 0x0000000089c00000, 0x0000000089c00000|100%| E|CS|TAMS 0x0000000089b00000, 0x0000000089b00000| Complete 
| 124|0x0000000089c00000, 0x0000000089d00000, 0x0000000089d00000|100%| E|CS|TAMS 0x0000000089c00000, 0x0000000089c00000| Complete 
| 125|0x0000000089d00000, 0x0000000089e00000, 0x0000000089e00000|100%| E|CS|TAMS 0x0000000089d00000, 0x0000000089d00000| Complete 

Card table byte_map: [0x0000022d7ca20000,0x0000022d7ce10000] _byte_map_base: 0x0000022d7c610000

Marking Bits (Prev, Next): (CMBitMap*) 0x0000022d7c5b4d70, (CMBitMap*) 0x0000022d7c5b4db0
 Prev Bits: [0x0000022d7d200000, 0x0000022d7f180000)
 Next Bits: [0x0000022d167d0000, 0x0000022d18750000)

Polling page: 0x0000022d7bd30000

Metaspace:

Usage:
  Non-class:     10.99 MB used.
      Class:      1.55 MB used.
       Both:     12.54 MB used.

Virtual space:
  Non-class space:       64.00 MB reserved,      11.19 MB ( 17%) committed,  1 nodes.
      Class space:        1.00 GB reserved,       1.69 MB ( <1%) committed,  1 nodes.
             Both:        1.06 GB reserved,      12.88 MB (  1%) committed. 

Chunk freelists:
   Non-Class:  4.36 MB
       Class:  14.20 MB
        Both:  18.56 MB

MaxMetaspaceSize: unlimited
CompressedClassSpaceSize: 1.00 GB
Initial GC threshold: 21.00 MB
Current GC threshold: 21.00 MB
CDS: on
MetaspaceReclaimPolicy: balanced
 - commit_granule_bytes: 65536.
 - commit_granule_words: 8192.
 - virtual_space_node_default_size: 8388608.
 - enlarge_chunks_in_place: 1.
 - new_chunks_are_fully_committed: 0.
 - uncommit_free_chunks: 1.
 - use_allocation_guard: 0.
 - handle_deallocations: 1.


Internal statistics:

num_allocs_failed_limit: 0.
num_arena_births: 212.
num_arena_deaths: 0.
num_vsnodes_births: 2.
num_vsnodes_deaths: 0.
num_space_committed: 206.
num_space_uncommitted: 0.
num_chunks_returned_to_freelist: 0.
num_chunks_taken_from_freelist: 527.
num_chunk_merges: 0.
num_chunk_splits: 323.
num_chunks_enlarged: 217.
num_purges: 0.
num_inconsistent_stats: 0.

CodeHeap 'non-profiled nmethods': size=120000Kb used=522Kb max_used=522Kb free=119477Kb
 bounds [0x0000022d0f2a0000, 0x0000022d0f510000, 0x0000022d167d0000]
CodeHeap 'profiled nmethods': size=120000Kb used=3109Kb max_used=3109Kb free=116890Kb
 bounds [0x0000022d077d0000, 0x0000022d07ae0000, 0x0000022d0ed00000]
CodeHeap 'non-nmethods': size=5760Kb used=1219Kb max_used=1239Kb free=4540Kb
 bounds [0x0000022d0ed00000, 0x0000022d0ef70000, 0x0000022d0f2a0000]
 total_blobs=2163 nmethods=1642 adapters=433
 compilation: enabled
              stopped_count=0, restarted_count=0
 full_count=0

Compilation events (20 events):
Event: 4.951 Thread 0x0000022d7f62b770 1634       3       org.openqa.selenium.SharedCapabilitiesMethods$$Lambda$459/0x0000022d1c1c90d8::compare (12 bytes)
Event: 4.951 Thread 0x0000022d7f62b770 nmethod 1634 0x0000022d07ad5b90 code [0x0000022d07ad5d40, 0x0000022d07ad6088]
Event: 4.951 Thread 0x0000022d7f62b770 1635       3       java.util.TreeMap::successor (66 bytes)
Event: 4.952 Thread 0x0000022d7f62b770 nmethod 1635 0x0000022d07ad6190 code [0x0000022d07ad6360, 0x0000022d07ad66d8]
Event: 4.954 Thread 0x0000022d7f62b770 1636       3       java.util.LinkedHashMap$LinkedEntryIterator::next (5 bytes)
Event: 4.954 Thread 0x0000022d7f62b770 nmethod 1636 0x0000022d07ad6810 code [0x0000022d07ad69c0, 0x0000022d07ad6b48]
Event: 4.954 Thread 0x0000022d7f62b770 1637       3       java.util.LinkedHashMap$LinkedEntryIterator::next (5 bytes)
Event: 4.954 Thread 0x0000022d7f62b770 nmethod 1637 0x0000022d07ad6c10 code [0x0000022d07ad6da0, 0x0000022d07ad6ee8]
Event: 4.963 Thread 0x0000022d7f62b770 1638       3       java.util.Collection::stream (11 bytes)
Event: 4.964 Thread 0x0000022d7f62b770 nmethod 1638 0x0000022d07ad6f90 code [0x0000022d07ad7140, 0x0000022d07ad7338]
Event: 4.964 Thread 0x0000022d7f62b770 1639       3       java.net.URI$Parser::at (23 bytes)
Event: 4.966 Thread 0x0000022d7f62b770 nmethod 1639 0x0000022d07ad7410 code [0x0000022d07ad7600, 0x0000022d07ad7c38]
Event: 4.966 Thread 0x0000022d7f62b770 1640       3       java.util.ImmutableCollections$AbstractImmutableCollection::<init> (5 bytes)
Event: 4.966 Thread 0x0000022d7f62b770 nmethod 1640 0x0000022d07ad7f10 code [0x0000022d07ad80c0, 0x0000022d07ad8278]
Event: 4.966 Thread 0x0000022d7f62b770 1641       3       jdk.internal.misc.Unsafe::getAndAddLong (27 bytes)
Event: 4.967 Thread 0x0000022d7f62b770 nmethod 1641 0x0000022d07ad8390 code [0x0000022d07ad8540, 0x0000022d07ad8788]
Event: 4.968 Thread 0x0000022d7f62b770 1643       3       java.util.ArrayList::toArray (12 bytes)
Event: 4.968 Thread 0x0000022d7f62b770 nmethod 1643 0x0000022d07ad8890 code [0x0000022d07ad8a40, 0x0000022d07ad8c28]
Event: 4.968 Thread 0x0000022d7f62b770 1644       3       java.util.ImmutableCollections$List12::<init> (20 bytes)
Event: 4.969 Thread 0x0000022d7f62b770 nmethod 1644 0x0000022d07ad8d10 code [0x0000022d07ad8ee0, 0x0000022d07ad9388]

GC Heap History (4 events):
Event: 2.050 GC heap before
{Heap before GC invocations=0 (full 0):
 garbage-first heap   total 129024K, used 13312K [0x0000000082000000, 0x0000000100000000)
  region size 1024K, 13 young (13312K), 0 survivors (0K)
 Metaspace       used 5845K, committed 6080K, reserved 1114112K
  class space    used 697K, committed 832K, reserved 1048576K
}
Event: 2.059 GC heap after
{Heap after GC invocations=1 (full 0):
 garbage-first heap   total 129024K, used 4096K [0x0000000082000000, 0x0000000100000000)
  region size 1024K, 2 young (2048K), 2 survivors (2048K)
 Metaspace       used 5845K, committed 6080K, reserved 1114112K
  class space    used 697K, committed 832K, reserved 1048576K
}
Event: 2.769 GC heap before
{Heap before GC invocations=1 (full 0):
 garbage-first heap   total 129024K, used 14336K [0x0000000082000000, 0x0000000100000000)
  region size 1024K, 13 young (13312K), 2 survivors (2048K)
 Metaspace       used 10487K, committed 10752K, reserved 1114112K
  class space    used 1266K, committed 1408K, reserved 1048576K
}
Event: 2.775 GC heap after
{Heap after GC invocations=2 (full 0):
 garbage-first heap   total 129024K, used 5674K [0x0000000082000000, 0x0000000100000000)
  region size 1024K, 2 young (2048K), 2 survivors (2048K)
 Metaspace       used 10487K, committed 10752K, reserved 1114112K
  class space    used 1266K, committed 1408K, reserved 1048576K
}

Deoptimization events (20 events):
Event: 2.779 Thread 0x0000022d60640580 Uncommon trap: trap_request=0xffffffde fr.pc=0x0000022d0f30f8c8 relative=0x0000000000000128
Event: 2.779 Thread 0x0000022d60640580 Uncommon trap: reason=class_check action=maybe_recompile pc=0x0000022d0f30f8c8 method=jdk.internal.misc.Unsafe.allocateUninitializedArray(Ljava/lang/Class;I)Ljava/lang/Object; @ 51 c2
Event: 2.779 Thread 0x0000022d60640580 DEOPT PACKING pc=0x0000022d0f30f8c8 sp=0x000000daeeafe1a0
Event: 2.779 Thread 0x0000022d60640580 DEOPT UNPACKING pc=0x0000022d0ed523a3 sp=0x000000daeeafe128 mode 2
Event: 2.782 Thread 0x0000022d60640580 Uncommon trap: trap_request=0xffffffde fr.pc=0x0000022d0f30f8c8 relative=0x0000000000000128
Event: 2.782 Thread 0x0000022d60640580 Uncommon trap: reason=class_check action=maybe_recompile pc=0x0000022d0f30f8c8 method=jdk.internal.misc.Unsafe.allocateUninitializedArray(Ljava/lang/Class;I)Ljava/lang/Object; @ 51 c2
Event: 2.782 Thread 0x0000022d60640580 DEOPT PACKING pc=0x0000022d0f30f8c8 sp=0x000000daeeafe120
Event: 2.782 Thread 0x0000022d60640580 DEOPT UNPACKING pc=0x0000022d0ed523a3 sp=0x000000daeeafe0a8 mode 2
Event: 2.783 Thread 0x0000022d60640580 Uncommon trap: trap_request=0xffffffde fr.pc=0x0000022d0f30f8c8 relative=0x0000000000000128
Event: 2.783 Thread 0x0000022d60640580 Uncommon trap: reason=class_check action=maybe_recompile pc=0x0000022d0f30f8c8 method=jdk.internal.misc.Unsafe.allocateUninitializedArray(Ljava/lang/Class;I)Ljava/lang/Object; @ 51 c2
Event: 2.783 Thread 0x0000022d60640580 DEOPT PACKING pc=0x0000022d0f30f8c8 sp=0x000000daeeafe0a0
Event: 2.783 Thread 0x0000022d60640580 DEOPT UNPACKING pc=0x0000022d0ed523a3 sp=0x000000daeeafe028 mode 2
Event: 4.693 Thread 0x0000022d7c552720 DEOPT PACKING pc=0x0000022d078bd2a7 sp=0x000000daecbfdd70
Event: 4.694 Thread 0x0000022d7c552720 DEOPT UNPACKING pc=0x0000022d0ed52b43 sp=0x000000daecbfd1d0 mode 0
Event: 4.726 Thread 0x0000022d7c552720 Uncommon trap: trap_request=0xffffff45 fr.pc=0x0000022d0f2fe304 relative=0x0000000000001064
Event: 4.726 Thread 0x0000022d7c552720 Uncommon trap: reason=unstable_if action=reinterpret pc=0x0000022d0f2fe304 method=java.util.concurrent.ConcurrentHashMap.putVal(Ljava/lang/Object;Ljava/lang/Object;Z)Ljava/lang/Object; @ 231 c2
Event: 4.727 Thread 0x0000022d7c552720 DEOPT PACKING pc=0x0000022d0f2fe304 sp=0x000000daecbfe950
Event: 4.727 Thread 0x0000022d7c552720 DEOPT UNPACKING pc=0x0000022d0ed523a3 sp=0x000000daecbfe8d0 mode 2
Event: 4.744 Thread 0x0000022d7c552720 DEOPT PACKING pc=0x0000022d07a01ee2 sp=0x000000daecbfd8d0
Event: 4.744 Thread 0x0000022d7c552720 DEOPT UNPACKING pc=0x0000022d0ed52b43 sp=0x000000daecbfcde0 mode 0

Classes unloaded (0 events):
No events

Classes redefined (0 events):
No events

Internal exceptions (20 events):
Event: 1.936 Thread 0x0000022d7c552720 Exception <a 'java/lang/IncompatibleClassChangeError'{0x00000000893eb748}: Found class java.lang.Object, but interface was expected> (0x00000000893eb748) 
thrown [s\open\src\hotspot\share\interpreter\linkResolver.cpp, line 826]
Event: 2.108 Thread 0x0000022d7c552720 Exception <a 'java/lang/NoSuchMethodError'{0x0000000089b46608}: 'java.lang.Object java.lang.invoke.DirectMethodHandle$Holder.invokeStaticInit(java.lang.Object, int, int, int, int)'> (0x0000000089b46608) 
thrown [s\open\src\hotspot\share\interpreter\linkResolver.cpp, line 759]
Event: 2.174 Thread 0x0000022d7c552720 Exception <a 'java/lang/NoSuchMethodError'{0x0000000089bac0a8}: 'java.lang.Object java.lang.invoke.DirectMethodHandle$Holder.invokeStaticInit(java.lang.Object, java.lang.Object, int, int, int, int)'> (0x0000000089bac0a8) 
thrown [s\open\src\hotspot\share\interpreter\linkResolver.cpp, line 759]
Event: 2.374 Thread 0x0000022d7c552720 Exception <a 'java/lang/NoSuchMethodError'{0x00000000899b9b28}: 'java.lang.Object java.lang.invoke.DirectMethodHandle$Holder.invokeInterface(java.lang.Object, java.lang.Object, java.lang.Object)'> (0x00000000899b9b28) 
thrown [s\open\src\hotspot\share\interpreter\linkResolver.cpp, line 759]
Event: 2.375 Thread 0x0000022d7c552720 Exception <a 'java/lang/IncompatibleClassChangeError'{0x00000000899bd1f0}: Found class java.lang.Object, but interface was expected> (0x00000000899bd1f0) 
thrown [s\open\src\hotspot\share\interpreter\linkResolver.cpp, line 826]
Event: 2.379 Thread 0x0000022d7c552720 Exception <a 'java/lang/NoSuchMethodError'{0x00000000899c5908}: 'int java.lang.invoke.DirectMethodHandle$Holder.invokeSpecialIFC(java.lang.Object, java.lang.Object, java.lang.Object, java.lang.Object)'> (0x00000000899c5908) 
thrown [s\open\src\hotspot\share\interpreter\linkResolver.cpp, line 759]
Event: 2.405 Thread 0x0000022d7c552720 Exception <a 'java/lang/NoSuchMethodError'{0x000000008982eed0}: 'java.lang.Object java.lang.invoke.DirectMethodHandle$Holder.invokeVirtual(java.lang.Object, java.lang.Object, java.lang.Object, java.lang.Object)'> (0x000000008982eed0) 
thrown [s\open\src\hotspot\share\interpreter\linkResolver.cpp, line 759]
Event: 2.451 Thread 0x0000022d605c0af0 Exception <a 'java/net/ConnectException'{0x00000000898d9318}: Connection refused: no further information> (0x00000000898d9318) 
thrown [s\open\src\hotspot\share\prims\jni.cpp, line 535]
Event: 2.451 Thread 0x0000022d605c0af0 Exception <a 'java/net/SocketException'{0x00000000898d9650}: Socket is not connected: shutdown> (0x00000000898d9650) 
thrown [s\open\src\hotspot\share\prims\jni.cpp, line 535]
Event: 2.475 Thread 0x0000022d605c0af0 Exception <a 'java/net/ConnectException'{0x00000000898dab98}: Connection refused: no further information> (0x00000000898dab98) 
thrown [s\open\src\hotspot\share\prims\jni.cpp, line 535]
Event: 2.476 Thread 0x0000022d605c0af0 Exception <a 'java/net/SocketException'{0x00000000898daed0}: Socket is not connected: shutdown> (0x00000000898daed0) 
thrown [s\open\src\hotspot\share\prims\jni.cpp, line 535]
Event: 2.571 Thread 0x0000022d7c552720 Exception <a 'java/lang/NoSuchMethodError'{0x00000000897ef728}: 'java.lang.Object java.lang.invoke.DirectMethodHandle$Holder.newInvokeSpecial(java.lang.Object, java.lang.Object, int, int)'> (0x00000000897ef728) 
thrown [s\open\src\hotspot\share\interpreter\linkResolver.cpp, line 759]
Event: 2.572 Thread 0x0000022d7c552720 Exception <a 'java/lang/NoSuchMethodError'{0x00000000897fa1c8}: 'void java.lang.invoke.DirectMethodHandle$Holder.invokeStatic(java.lang.Object, java.lang.Object, int)'> (0x00000000897fa1c8) 
thrown [s\open\src\hotspot\share\interpreter\linkResolver.cpp, line 759]
Event: 2.613 Thread 0x0000022d7c552720 Exception <a 'java/lang/NoSuchMethodError'{0x00000000896fe770}: 'java.lang.Object java.lang.invoke.DirectMethodHandle$Holder.newInvokeSpecial(java.lang.Object, java.lang.Object, java.lang.Object, java.lang.Object, java.lang.Object)'> (0x00000000896fe770) 
thrown [s\open\src\hotspot\share\interpreter\linkResolver.cpp, line 759]
Event: 2.715 Thread 0x0000022d7c552720 Exception <a 'java/lang/NoSuchMethodError'{0x000000008935b4f8}: 'void java.lang.invoke.DirectMethodHandle$Holder.invokeSpecial(java.lang.Object, java.lang.Object, java.lang.Object)'> (0x000000008935b4f8) 
thrown [s\open\src\hotspot\share\interpreter\linkResolver.cpp, line 759]
Event: 2.777 Thread 0x0000022d60640580 Exception <a 'java/lang/NoSuchMethodError'{0x0000000089d04e58}: 'java.lang.Object java.lang.invoke.DirectMethodHandle$Holder.invokeSpecial(java.lang.Object, java.lang.Object, java.lang.Object, java.lang.Object, int)'> (0x0000000089d04e58) 
thrown [s\open\src\hotspot\share\interpreter\linkResolver.cpp, line 759]
Event: 2.777 Thread 0x0000022d60640580 Exception <a 'java/lang/NoSuchMethodError'{0x0000000089d08a20}: 'java.lang.Object java.lang.invoke.Invokers$Holder.linkToTargetMethod(java.lang.Object, java.lang.Object, int, java.lang.Object)'> (0x0000000089d08a20) 
thrown [s\open\src\hotspot\share\interpreter\linkResolver.cpp, line 759]
Event: 2.809 Thread 0x0000022d60640580 Exception <a 'java/lang/NoSuchMethodError'{0x0000000089d88108}: 'void java.lang.invoke.DirectMethodHandle$Holder.invokeSpecial(java.lang.Object, java.lang.Object, java.lang.Object, java.lang.Object, java.lang.Object)'> (0x0000000089d88108) 
thrown [s\open\src\hotspot\share\interpreter\linkResolver.cpp, line 759]
Event: 4.486 Thread 0x0000022d60640580 Exception <a 'java/lang/NoSuchMethodError'{0x0000000089cc1848}: 'void java.lang.invoke.DirectMethodHandle$Holder.invokeSpecial(java.lang.Object, java.lang.Object, java.lang.Object, java.lang.Object, java.lang.Object, java.lang.Object, java.lang.Object)'> (0x0000000089cc1848) 
thrown [s\open\src\hotspot\share\interpreter\linkResolver.cpp, line 759]
Event: 4.667 Thread 0x0000022d7c552720 Exception <a 'java/lang/NoSuchMethodError'{0x0000000089abbdd8}: 'java.lang.Object java.lang.invoke.DirectMethodHandle$Holder.invokeSpecialIFC(java.lang.Object, java.lang.Object, java.lang.Object)'> (0x0000000089abbdd8) 
thrown [s\open\src\hotspot\share\interpreter\linkResolver.cpp, line 759]

VM Operations (20 events):
Event: 1.558 Executing VM operation: Cleanup
Event: 1.558 Executing VM operation: Cleanup done
Event: 1.744 Executing VM operation: HandshakeAllThreads
Event: 1.744 Executing VM operation: HandshakeAllThreads done
Event: 1.834 Executing VM operation: HandshakeAllThreads
Event: 1.834 Executing VM operation: HandshakeAllThreads done
Event: 2.050 Executing VM operation: G1CollectForAllocation
Event: 2.059 Executing VM operation: G1CollectForAllocation done
Event: 2.192 Executing VM operation: HandshakeAllThreads
Event: 2.192 Executing VM operation: HandshakeAllThreads done
Event: 2.510 Executing VM operation: HandshakeAllThreads
Event: 2.510 Executing VM operation: HandshakeAllThreads done
Event: 2.511 Executing VM operation: HandshakeAllThreads
Event: 2.511 Executing VM operation: HandshakeAllThreads done
Event: 2.769 Executing VM operation: G1CollectForAllocation
Event: 2.775 Executing VM operation: G1CollectForAllocation done
Event: 3.784 Executing VM operation: Cleanup
Event: 3.784 Executing VM operation: Cleanup done
Event: 4.794 Executing VM operation: Cleanup
Event: 4.795 Executing VM operation: Cleanup done

Events (20 events):
Event: 4.792 Thread 0x0000022d60640f20 Thread added: 0x0000022d60640f20
Event: 4.795 Thread 0x0000022d606418c0 Thread added: 0x0000022d606418c0
Event: 4.799 Thread 0x0000022d606400b0 Thread added: 0x0000022d606400b0
Event: 4.799 Thread 0x0000022d6085ad40 Thread added: 0x0000022d6085ad40
Event: 4.808 loading class java/util/concurrent/locks/ReadWriteLock
Event: 4.808 loading class java/util/concurrent/locks/ReadWriteLock done
Event: 4.812 loading class java/util/concurrent/locks/ReentrantReadWriteLock
Event: 4.813 loading class java/util/concurrent/locks/ReentrantReadWriteLock done
Event: 4.814 loading class java/util/concurrent/locks/ReentrantReadWriteLock$FairSync
Event: 4.814 loading class java/util/concurrent/locks/ReentrantReadWriteLock$Sync
Event: 4.815 loading class java/util/concurrent/locks/ReentrantReadWriteLock$Sync done
Event: 4.815 loading class java/util/concurrent/locks/ReentrantReadWriteLock$FairSync done
Event: 4.815 loading class java/util/concurrent/locks/ReentrantReadWriteLock$Sync$ThreadLocalHoldCounter
Event: 4.815 loading class java/util/concurrent/locks/ReentrantReadWriteLock$Sync$ThreadLocalHoldCounter done
Event: 4.815 loading class java/util/concurrent/locks/ReentrantReadWriteLock$ReadLock
Event: 4.815 loading class java/util/concurrent/locks/ReentrantReadWriteLock$ReadLock done
Event: 4.815 loading class java/util/concurrent/locks/ReentrantReadWriteLock$WriteLock
Event: 4.815 loading class java/util/concurrent/locks/ReentrantReadWriteLock$WriteLock done
Event: 4.836 loading class sun/net/www/HeaderParser
Event: 4.836 loading class sun/net/www/HeaderParser done


Dynamic libraries:
0x00007ff6ba2e0000 - 0x00007ff6ba2f0000 	C:\Program Files\Java\jdk-17\bin\javaw.exe
0x00007fff612b0000 - 0x00007fff614a8000 	C:\WINDOWS\SYSTEM32\ntdll.dll
0x00007fff602c0000 - 0x00007fff6037d000 	C:\WINDOWS\System32\KERNEL32.DLL
0x00007fff5ec50000 - 0x00007fff5ef46000 	C:\WINDOWS\System32\KERNELBASE.dll
0x00007fff5f1e0000 - 0x00007fff5f2e0000 	C:\WINDOWS\System32\ucrtbase.dll
0x00007fff3de80000 - 0x00007fff3de9b000 	C:\Program Files\Java\jdk-17\bin\VCRUNTIME140.dll
0x00007fff3dea0000 - 0x00007fff3deb9000 	C:\Program Files\Java\jdk-17\bin\jli.dll
0x00007fff5f510000 - 0x00007fff5f5bf000 	C:\WINDOWS\System32\ADVAPI32.dll
0x00007fff60680000 - 0x00007fff6071e000 	C:\WINDOWS\System32\msvcrt.dll
0x00007fff60840000 - 0x00007fff608dc000 	C:\WINDOWS\System32\sechost.dll
0x00007fff608e0000 - 0x00007fff60a06000 	C:\WINDOWS\System32\RPCRT4.dll
0x00007fff60a40000 - 0x00007fff60bde000 	C:\WINDOWS\System32\USER32.dll
0x00007fff5f2e0000 - 0x00007fff5f302000 	C:\WINDOWS\System32\win32u.dll
0x00007fff44bc0000 - 0x00007fff44e5a000 	C:\WINDOWS\WinSxS\amd64_microsoft.windows.common-controls_6595b64144ccf1df_6.0.19041.3636_none_60b6a03d71f818d5\COMCTL32.dll
0x00007fff60570000 - 0x00007fff6059c000 	C:\WINDOWS\System32\GDI32.dll
0x00007fff5eb30000 - 0x00007fff5ec4a000 	C:\WINDOWS\System32\gdi32full.dll
0x00007fff5e990000 - 0x00007fff5ea2d000 	C:\WINDOWS\System32\msvcp_win.dll
0x00007fff5a830000 - 0x00007fff5a83a000 	C:\WINDOWS\SYSTEM32\VERSION.dll
0x00007fff60a10000 - 0x00007fff60a40000 	C:\WINDOWS\System32\IMM32.DLL
0x00007fff4c3b0000 - 0x00007fff4c3bc000 	C:\Program Files\Java\jdk-17\bin\vcruntime140_1.dll
0x00007fff39e00000 - 0x00007fff39e8e000 	C:\Program Files\Java\jdk-17\bin\msvcp140.dll
0x00007ffeaf400000 - 0x00007ffeaffde000 	C:\Program Files\Java\jdk-17\bin\server\jvm.dll
0x00007fff5f450000 - 0x00007fff5f458000 	C:\WINDOWS\System32\PSAPI.DLL
0x00007fff5b3e0000 - 0x00007fff5b3e9000 	C:\WINDOWS\SYSTEM32\WSOCK32.dll
0x00007fff45750000 - 0x00007fff45777000 	C:\WINDOWS\SYSTEM32\WINMM.dll
0x00007fff60720000 - 0x00007fff6078b000 	C:\WINDOWS\System32\ws2_32.DLL
0x00007fff5ca30000 - 0x00007fff5ca42000 	C:\WINDOWS\SYSTEM32\kernel.appcore.dll
0x00007fff49c00000 - 0x00007fff49c0a000 	C:\Program Files\Java\jdk-17\bin\jimage.dll
0x00007fff5c170000 - 0x00007fff5c354000 	C:\WINDOWS\SYSTEM32\DBGHELP.DLL
0x00007fff51740000 - 0x00007fff51774000 	C:\WINDOWS\SYSTEM32\dbgcore.DLL
0x00007fff5ea30000 - 0x00007fff5eab2000 	C:\WINDOWS\System32\bcryptPrimitives.dll
0x00007fff38710000 - 0x00007fff38735000 	C:\Program Files\Java\jdk-17\bin\java.dll
0x00007ffefbc30000 - 0x00007ffefbd07000 	C:\Program Files\Java\jdk-17\bin\jsvml.dll
0x00007fff5fb70000 - 0x00007fff602b4000 	C:\WINDOWS\System32\SHELL32.dll
0x00007fff5ca50000 - 0x00007fff5d1eb000 	C:\WINDOWS\SYSTEM32\windows.storage.dll
0x00007fff5f790000 - 0x00007fff5fae4000 	C:\WINDOWS\System32\combase.dll
0x00007fff5e3d0000 - 0x00007fff5e3fd000 	C:\WINDOWS\SYSTEM32\Wldp.dll
0x00007fff5f5c0000 - 0x00007fff5f66d000 	C:\WINDOWS\System32\SHCORE.dll
0x00007fff603e0000 - 0x00007fff60435000 	C:\WINDOWS\System32\shlwapi.dll
0x00007fff5e8c0000 - 0x00007fff5e8e5000 	C:\WINDOWS\SYSTEM32\profapi.dll
0x00007fff1eca0000 - 0x00007fff1ecb9000 	C:\Program Files\Java\jdk-17\bin\net.dll
0x00007fff53820000 - 0x00007fff5392a000 	C:\WINDOWS\SYSTEM32\WINHTTP.dll
0x00007fff5e130000 - 0x00007fff5e19a000 	C:\WINDOWS\system32\mswsock.dll
0x00007fff1ec80000 - 0x00007fff1ec96000 	C:\Program Files\Java\jdk-17\bin\nio.dll
0x00007fff1ec60000 - 0x00007fff1ec78000 	C:\Program Files\Java\jdk-17\bin\zip.dll
0x00007fff5de20000 - 0x00007fff5deea000 	C:\WINDOWS\SYSTEM32\DNSAPI.dll
0x00007fff5ddd0000 - 0x00007fff5de0b000 	C:\WINDOWS\SYSTEM32\IPHLPAPI.DLL
0x00007fff61260000 - 0x00007fff61268000 	C:\WINDOWS\System32\NSI.dll
0x00007fff480e0000 - 0x00007fff480ea000 	C:\Windows\System32\rasadhlp.dll
0x00007fff481b0000 - 0x00007fff48230000 	C:\WINDOWS\System32\fwpuclnt.dll
0x00007fff5f1b0000 - 0x00007fff5f1d7000 	C:\WINDOWS\System32\bcrypt.dll
0x00007fff5e320000 - 0x00007fff5e338000 	C:\WINDOWS\SYSTEM32\CRYPTSP.dll
0x00007fff5d9f0000 - 0x00007fff5da24000 	C:\WINDOWS\system32\rsaenh.dll
0x00007fff5e880000 - 0x00007fff5e8ae000 	C:\WINDOWS\SYSTEM32\USERENV.dll
0x00007fff5e340000 - 0x00007fff5e34c000 	C:\WINDOWS\SYSTEM32\CRYPTBASE.dll
0x00007fff54070000 - 0x00007fff54087000 	C:\WINDOWS\SYSTEM32\dhcpcsvc6.DLL
0x00007fff541c0000 - 0x00007fff541dd000 	C:\WINDOWS\SYSTEM32\dhcpcsvc.DLL
0x00007fff5bbd0000 - 0x00007fff5bbde000 	C:\Program Files\Java\jdk-17\bin\sunmscapi.dll
0x00007fff5f050000 - 0x00007fff5f1ad000 	C:\WINDOWS\System32\CRYPT32.dll
0x00007fff5e440000 - 0x00007fff5e467000 	C:\WINDOWS\SYSTEM32\ncrypt.dll
0x00007fff5e400000 - 0x00007fff5e43b000 	C:\WINDOWS\SYSTEM32\NTASN1.dll
0x00007fff5b3b0000 - 0x00007fff5b3b7000 	C:\WINDOWS\system32\wshunix.dll

dbghelp: loaded successfully - version: 4.0.5 - missing functions: none
symbol engine: initialized successfully - sym options: 0x614 - pdb path: .;C:\Program Files\Java\jdk-17\bin;C:\WINDOWS\SYSTEM32;C:\WINDOWS\WinSxS\amd64_microsoft.windows.common-controls_6595b64144ccf1df_6.0.19041.3636_none_60b6a03d71f818d5;C:\Program Files\Java\jdk-17\bin\server

VM Arguments:
jvm_args: -Dfile.encoding=UTF-8 -Dstdout.encoding=UTF-8 -Dstderr.encoding=UTF-8 -XX:+ShowCodeDetailsInExceptionMessages 
java_command: Day23.ConditionalDemo
java_class_path (initial): C:\Users\madha\eclipse-workspace\Seleniumproject\target\test-classes;C:\Users\madha\eclipse-workspace\Seleniumproject\target\classes;C:\Users\madha\.m2\repository\org\seleniumhq\selenium\selenium-java\4.16.1\selenium-java-4.16.1.jar;C:\Users\madha\.m2\repository\org\seleniumhq\selenium\selenium-api\4.16.1\selenium-api-4.16.1.jar;C:\Users\madha\.m2\repository\org\seleniumhq\selenium\selenium-chrome-driver\4.16.1\selenium-chrome-driver-4.16.1.jar;C:\Users\madha\.m2\repository\com\google\auto\service\auto-service-annotations\1.1.1\auto-service-annotations-1.1.1.jar;C:\Users\madha\.m2\repository\org\seleniumhq\selenium\selenium-chromium-driver\4.16.1\selenium-chromium-driver-4.16.1.jar;C:\Users\madha\.m2\repository\org\seleniumhq\selenium\selenium-json\4.16.1\selenium-json-4.16.1.jar;C:\Users\madha\.m2\repository\org\seleniumhq\selenium\selenium-manager\4.16.1\selenium-manager-4.16.1.jar;C:\Users\madha\.m2\repository\org\seleniumhq\selenium\selenium-devtools-v118\4.16.1\selenium-devtools-v118-4.16.1.jar;C:\Users\madha\.m2\repository\org\seleniumhq\selenium\selenium-devtools-v119\4.16.1\selenium-devtools-v119-4.16.1.jar;C:\Users\madha\.m2\repository\org\seleniumhq\selenium\selenium-devtools-v120\4.16.1\selenium-devtools-v120-4.16.1.jar;C:\Users\madha\.m2\repository\org\seleniumhq\selenium\selenium-devtools-v85\4.16.1\selenium-devtools-v85-4.16.1.jar;C:\Users\madha\.m2\repository\org\seleniumhq\selenium\selenium-edge-driver\4.16.1\selenium-edge-driver-4.16.1.jar;C:\Users\madha\.m2\repository\org\seleniumhq\selenium\selenium-firefox-driver\4.16.1\selenium-firefox-driver-4.16.1.jar;C:\Users\madha\.m2\repository\org\seleniumhq\selenium\selenium-http\4.16.1\selenium-http-4.16.1.jar;C:\Users\madha\.m2\repository\dev\failsafe\failsafe\3.3.2\failsafe-3.3.2.jar;C:\Users\madha\.m2\repository\org\seleniumhq\selenium\selenium-ie-driver\4.16.1\selenium-ie-driver-4.16.1.jar;C:\Users\madha\.m2\repository\org\seleniumhq\selenium\selenium-remote-driver\4.16.1
Launcher Type: SUN_STANDARD

[Global flags]
     intx CICompilerCount                          = 3                                         {product} {ergonomic}
     uint ConcGCThreads                            = 1                                         {product} {ergonomic}
     uint G1ConcRefinementThreads                  = 4                                         {product} {ergonomic}
   size_t G1HeapRegionSize                         = 1048576                                   {product} {ergonomic}
    uintx GCDrainStackTargetSize                   = 64                                        {product} {ergonomic}
   size_t InitialHeapSize                          = 132120576                                 {product} {ergonomic}
   size_t MarkStackSize                            = 4194304                                   {product} {ergonomic}
   size_t MaxHeapSize                              = 2113929216                                {product} {ergonomic}
   size_t MaxNewSize                               = 1267728384                                {product} {ergonomic}
   size_t MinHeapDeltaBytes                        = 1048576                                   {product} {ergonomic}
   size_t MinHeapSize                              = 8388608                                   {product} {ergonomic}
    uintx NonNMethodCodeHeapSize                   = 5832780                                {pd product} {ergonomic}
    uintx NonProfiledCodeHeapSize                  = 122912730                              {pd product} {ergonomic}
    uintx ProfiledCodeHeapSize                     = 122912730                              {pd product} {ergonomic}
    uintx ReservedCodeCacheSize                    = 251658240                              {pd product} {ergonomic}
     bool SegmentedCodeCache                       = true                                      {product} {ergonomic}
     bool ShowCodeDetailsInExceptionMessages       = true                                   {manageable} {command line}
   size_t SoftMaxHeapSize                          = 2113929216                             {manageable} {ergonomic}
     bool UseCompressedClassPointers               = true                           {product lp64_product} {ergonomic}
     bool UseCompressedOops                        = true                           {product lp64_product} {ergonomic}
     bool UseG1GC                                  = true                                      {product} {ergonomic}
     bool UseLargePagesIndividualAllocation        = false                                  {pd product} {ergonomic}

Logging:
Log output configuration:
 #0: stdout all=warning uptime,level,tags
 #1: stderr all=off uptime,level,tags

Environment Variables:
PATH=C:/Program Files/Java/jdk-17/bin/server;C:/Program Files/Java/jdk-17/bin;C:\Program Files\Common Files\Oracle\Java\javapath;C:\WINDOWS\system32;C:\WINDOWS;C:\WINDOWS\System32\Wbem;C:\WINDOWS\System32\WindowsPowerShell\v1.0\;C:\WINDOWS\System32\OpenSSH\;C:\Android;C:\Windows\System32;C:\Users\madha\AppData\Local\Microsoft\WindowsApps;;C:\WINDOWS\system32;
USERNAME=madha
OS=Windows_NT
PROCESSOR_IDENTIFIER=Intel64 Family 6 Model 142 Stepping 9, GenuineIntel



---------------  S Y S T E M  ---------------

OS:
 Windows 10 , 64 bit Build 19041 (10.0.19041.3636)
OS uptime: 16 days 13:17 hours

CPU: total 4 (initial active 4) (2 cores per cpu, 2 threads per core) family 6 model 142 stepping 9 microcode 0xde, cx8, cmov, fxsr, ht, mmx, 3dnowpref, sse, sse2, sse3, ssse3, sse4.1, sse4.2, popcnt, lzcnt, tsc, tscinvbit, avx, avx2, aes, erms, clmul, bmi1, bmi2, adx, fma, vzeroupper, clflush, clflushopt

Memory: 4k page, system-wide physical 8060M (684M free)
TotalPageFile size 32636M (AvailPageFile size 2M)
current process WorkingSet (physical memory assigned to process): 88M, peak: 88M
current process commit charge ("private bytes"): 228M, peak: 228M

vm_info: Java HotSpot(TM) 64-Bit Server VM (17.0.8+9-LTS-211) for windows-amd64 JRE (17.0.8+9-LTS-211), built on Jun 14 2023 10:34:31 by "mach5one" with MS VC++ 17.1 (VS2022)

END.
